This file contains any messages produced by compilers while
running configure, to aid debugging if configure makes a mistake.

It was created by configure, which was
generated by GNU Autoconf 2.59.  Invocation command line was

  $ ./configure --no-create --no-recursion

## --------- ##
## Platform. ##
## --------- ##

hostname = conspire3
uname -m = i686
uname -r = 2.4.28-1-csail-i686
uname -s = Linux
uname -v = #1 SMP Wed Feb 9 11:34:03 EST 2005

/usr/bin/uname -p = unknown
/bin/uname -X     = unknown

/bin/arch              = i686
/usr/bin/arch -k       = unknown
/usr/convex/getsysinfo = unknown
hostinfo               = unknown
/bin/machine           = unknown
/usr/bin/oslevel       = unknown
/bin/universe          = unknown

PATH: /afs/csail.mit.edu/system/i386_linux24/matlab/latest/bin
PATH: /usr/local/csail/bin
PATH: /afs/csail.mit.edu/system/i386_linux24/matlab/latest/bin
PATH: /afs/csail.mit.edu/@sys/local/bin
PATH: /usr/local/bin
PATH: /usr/bin
PATH: /bin
PATH: /usr/bin/X11
PATH: /usr/games


## ----------- ##
## Core tests. ##
## ----------- ##

configure:1354: checking for a BSD-compatible install
configure:1409: result: /usr/bin/install -c
configure:1420: checking whether build environment is sane
configure:1463: result: yes
configure:1520: checking for gawk
configure:1536: found /usr/bin/gawk
configure:1546: result: gawk
configure:1556: checking whether make sets $(MAKE)
configure:1576: result: yes
configure:1789: checking for gcc
configure:1805: found /usr/bin/gcc
configure:1815: result: gcc
configure:2059: checking for C compiler version
configure:2062: gcc --version </dev/null >&5
gcc (GCC) 3.3.5 (Debian 1:3.3.5-13)
Copyright (C) 2003 Free Software Foundation, Inc.
This is free software; see the source for copying conditions.  There is NO
warranty; not even for MERCHANTABILITY or FITNESS FOR A PARTICULAR PURPOSE.

configure:2065: $? = 0
configure:2067: gcc -v </dev/null >&5
Reading specs from /usr/lib/gcc-lib/i486-linux/3.3.5/specs
Configured with: ../src/configure -v --enable-languages=c,c++,java,f77,pascal,objc,ada,treelang --prefix=/usr --mandir=/usr/share/man --infodir=/usr/share/info --with-gxx-include-dir=/usr/include/c++/3.3 --enable-shared --enable-__cxa_atexit --with-system-zlib --enable-nls --without-included-gettext --enable-clocale=gnu --enable-debug --enable-java-gc=boehm --enable-java-awt=xlib --enable-objc-gc i486-linux
Thread model: posix
gcc version 3.3.5 (Debian 1:3.3.5-13)
configure:2070: $? = 0
configure:2072: gcc -V </dev/null >&5
gcc: `-V' option must have argument
configure:2075: $? = 1
configure:2098: checking for C compiler default output file name
configure:2101: gcc    conftest.c  >&5
configure:2104: $? = 0
configure:2150: result: a.out
configure:2155: checking whether the C compiler works
configure:2161: ./a.out
configure:2164: $? = 0
configure:2181: result: yes
configure:2188: checking whether we are cross compiling
configure:2190: result: no
configure:2193: checking for suffix of executables
configure:2195: gcc -o conftest    conftest.c  >&5
configure:2198: $? = 0
configure:2223: result: 
configure:2229: checking for suffix of object files
configure:2250: gcc -c   conftest.c >&5
configure:2253: $? = 0
configure:2275: result: o
configure:2279: checking whether we are using the GNU C compiler
configure:2303: gcc -c   conftest.c >&5
configure:2309: $? = 0
configure:2312: test -z 			 || test ! -s conftest.err
configure:2315: $? = 0
configure:2318: test -s conftest.o
configure:2321: $? = 0
configure:2334: result: yes
configure:2340: checking whether gcc accepts -g
configure:2361: gcc -c -g  conftest.c >&5
configure:2367: $? = 0
configure:2370: test -z 			 || test ! -s conftest.err
configure:2373: $? = 0
configure:2376: test -s conftest.o
configure:2379: $? = 0
configure:2390: result: yes
configure:2407: checking for gcc option to accept ANSI C
configure:2477: gcc  -c -g -O2  conftest.c >&5
configure:2483: $? = 0
configure:2486: test -z 			 || test ! -s conftest.err
configure:2489: $? = 0
configure:2492: test -s conftest.o
configure:2495: $? = 0
configure:2513: result: none needed
configure:2531: gcc -c -g -O2  conftest.c >&5
conftest.c:2: error: syntax error before "me"
configure:2537: $? = 1
configure: failed program was:
| #ifndef __cplusplus
|   choke me
| #endif
configure:2678: checking for style of include used by make
configure:2706: result: GNU
configure:2734: checking dependency style of gcc
configure:2824: result: gcc3
configure:2893: checking for g++
configure:2909: found /usr/bin/g++
configure:2919: result: g++
configure:2935: checking for C++ compiler version
configure:2938: g++ --version </dev/null >&5
g++ (GCC) 3.3.5 (Debian 1:3.3.5-13)
Copyright (C) 2003 Free Software Foundation, Inc.
This is free software; see the source for copying conditions.  There is NO
warranty; not even for MERCHANTABILITY or FITNESS FOR A PARTICULAR PURPOSE.

configure:2941: $? = 0
configure:2943: g++ -v </dev/null >&5
Reading specs from /usr/lib/gcc-lib/i486-linux/3.3.5/specs
Configured with: ../src/configure -v --enable-languages=c,c++,java,f77,pascal,objc,ada,treelang --prefix=/usr --mandir=/usr/share/man --infodir=/usr/share/info --with-gxx-include-dir=/usr/include/c++/3.3 --enable-shared --enable-__cxa_atexit --with-system-zlib --enable-nls --without-included-gettext --enable-clocale=gnu --enable-debug --enable-java-gc=boehm --enable-java-awt=xlib --enable-objc-gc i486-linux
Thread model: posix
gcc version 3.3.5 (Debian 1:3.3.5-13)
configure:2946: $? = 0
configure:2948: g++ -V </dev/null >&5
g++: `-V' option must have argument
configure:2951: $? = 1
configure:2954: checking whether we are using the GNU C++ compiler
configure:2978: g++ -c   conftest.cc >&5
configure:2984: $? = 0
configure:2987: test -z 			 || test ! -s conftest.err
configure:2990: $? = 0
configure:2993: test -s conftest.o
configure:2996: $? = 0
configure:3009: result: yes
configure:3015: checking whether g++ accepts -g
configure:3036: g++ -c -g  conftest.cc >&5
configure:3042: $? = 0
configure:3045: test -z 			 || test ! -s conftest.err
configure:3048: $? = 0
configure:3051: test -s conftest.o
configure:3054: $? = 0
configure:3065: result: yes
configure:3107: g++ -c -g -O2  conftest.cc >&5
configure:3113: $? = 0
configure:3116: test -z 			 || test ! -s conftest.err
configure:3119: $? = 0
configure:3122: test -s conftest.o
configure:3125: $? = 0
configure:3151: g++ -c -g -O2  conftest.cc >&5
conftest.cc: In function `int main()':
conftest.cc:15: error: `exit' undeclared (first use this function)
conftest.cc:15: error: (Each undeclared identifier is reported only once for 
   each function it appears in.)
configure:3157: $? = 1
configure: failed program was:
| /* confdefs.h.  */
| 
| #define PACKAGE_NAME ""
| #define PACKAGE_TARNAME ""
| #define PACKAGE_VERSION ""
| #define PACKAGE_STRING ""
| #define PACKAGE_BUGREPORT ""
| #define PACKAGE "dvgrab"
| #define VERSION "1.5"
| /* end confdefs.h.  */
| 
| int
| main ()
| {
| exit (42);
|   ;
|   return 0;
| }
configure:3107: g++ -c -g -O2  conftest.cc >&5
configure:3113: $? = 0
configure:3116: test -z 			 || test ! -s conftest.err
configure:3119: $? = 0
configure:3122: test -s conftest.o
configure:3125: $? = 0
configure:3151: g++ -c -g -O2  conftest.cc >&5
configure:3157: $? = 0
configure:3160: test -z 			 || test ! -s conftest.err
configure:3163: $? = 0
configure:3166: test -s conftest.o
configure:3169: $? = 0
configure:3194: checking dependency style of g++
configure:3284: result: gcc3
configure:3314: checking for a BSD-compatible install
configure:3369: result: /usr/bin/install -c
configure:3387: checking how to run the C preprocessor
configure:3422: gcc -E  conftest.c
configure:3428: $? = 0
configure:3460: gcc -E  conftest.c
conftest.c:14:28: ac_nonexistent.h: No such file or directory
configure:3466: $? = 1
configure: failed program was:
| /* confdefs.h.  */
| 
| #define PACKAGE_NAME ""
| #define PACKAGE_TARNAME ""
| #define PACKAGE_VERSION ""
| #define PACKAGE_STRING ""
| #define PACKAGE_BUGREPORT ""
| #define PACKAGE "dvgrab"
| #define VERSION "1.5"
| #ifdef __cplusplus
| extern "C" void std::exit (int) throw (); using std::exit;
| #endif
| /* end confdefs.h.  */
| #include <ac_nonexistent.h>
configure:3505: result: gcc -E
configure:3529: gcc -E  conftest.c
configure:3535: $? = 0
configure:3567: gcc -E  conftest.c
conftest.c:14:28: ac_nonexistent.h: No such file or directory
configure:3573: $? = 1
configure: failed program was:
| /* confdefs.h.  */
| 
| #define PACKAGE_NAME ""
| #define PACKAGE_TARNAME ""
| #define PACKAGE_VERSION ""
| #define PACKAGE_STRING ""
| #define PACKAGE_BUGREPORT ""
| #define PACKAGE "dvgrab"
| #define VERSION "1.5"
| #ifdef __cplusplus
| extern "C" void std::exit (int) throw (); using std::exit;
| #endif
| /* end confdefs.h.  */
| #include <ac_nonexistent.h>
configure:3617: checking for egrep
configure:3627: result: grep -E
configure:3632: checking for ANSI C header files
configure:3657: gcc -c -g -O2  conftest.c >&5
configure:3663: $? = 0
configure:3666: test -z 			 || test ! -s conftest.err
configure:3669: $? = 0
configure:3672: test -s conftest.o
configure:3675: $? = 0
configure:3764: gcc -o conftest -g -O2   conftest.c  >&5
configure:3767: $? = 0
configure:3769: ./conftest
configure:3772: $? = 0
configure:3787: result: yes
configure:3811: checking for sys/types.h
configure:3827: gcc -c -g -O2  conftest.c >&5
configure:3833: $? = 0
configure:3836: test -z 			 || test ! -s conftest.err
configure:3839: $? = 0
configure:3842: test -s conftest.o
configure:3845: $? = 0
configure:3856: result: yes
configure:3811: checking for sys/stat.h
configure:3827: gcc -c -g -O2  conftest.c >&5
configure:3833: $? = 0
configure:3836: test -z 			 || test ! -s conftest.err
configure:3839: $? = 0
configure:3842: test -s conftest.o
configure:3845: $? = 0
configure:3856: result: yes
configure:3811: checking for stdlib.h
configure:3827: gcc -c -g -O2  conftest.c >&5
configure:3833: $? = 0
configure:3836: test -z 			 || test ! -s conftest.err
configure:3839: $? = 0
configure:3842: test -s conftest.o
configure:3845: $? = 0
configure:3856: result: yes
configure:3811: checking for string.h
configure:3827: gcc -c -g -O2  conftest.c >&5
configure:3833: $? = 0
configure:3836: test -z 			 || test ! -s conftest.err
configure:3839: $? = 0
configure:3842: test -s conftest.o
configure:3845: $? = 0
configure:3856: result: yes
configure:3811: checking for memory.h
configure:3827: gcc -c -g -O2  conftest.c >&5
configure:3833: $? = 0
configure:3836: test -z 			 || test ! -s conftest.err
configure:3839: $? = 0
configure:3842: test -s conftest.o
configure:3845: $? = 0
configure:3856: result: yes
configure:3811: checking for strings.h
configure:3827: gcc -c -g -O2  conftest.c >&5
configure:3833: $? = 0
configure:3836: test -z 			 || test ! -s conftest.err
configure:3839: $? = 0
configure:3842: test -s conftest.o
configure:3845: $? = 0
configure:3856: result: yes
configure:3811: checking for inttypes.h
configure:3827: gcc -c -g -O2  conftest.c >&5
configure:3833: $? = 0
configure:3836: test -z 			 || test ! -s conftest.err
configure:3839: $? = 0
configure:3842: test -s conftest.o
configure:3845: $? = 0
configure:3856: result: yes
configure:3811: checking for stdint.h
configure:3827: gcc -c -g -O2  conftest.c >&5
configure:3833: $? = 0
configure:3836: test -z 			 || test ! -s conftest.err
configure:3839: $? = 0
configure:3842: test -s conftest.o
configure:3845: $? = 0
configure:3856: result: yes
configure:3811: checking for unistd.h
configure:3827: gcc -c -g -O2  conftest.c >&5
configure:3833: $? = 0
configure:3836: test -z 			 || test ! -s conftest.err
configure:3839: $? = 0
configure:3842: test -s conftest.o
configure:3845: $? = 0
configure:3856: result: yes
configure:3882: checking fcntl.h usability
configure:3894: gcc -c -g -O2  conftest.c >&5
configure:3900: $? = 0
configure:3903: test -z 			 || test ! -s conftest.err
configure:3906: $? = 0
configure:3909: test -s conftest.o
configure:3912: $? = 0
configure:3922: result: yes
configure:3926: checking fcntl.h presence
configure:3936: gcc -E  conftest.c
configure:3942: $? = 0
configure:3962: result: yes
configure:3997: checking for fcntl.h
configure:4004: result: yes
configure:4022: checking for unistd.h
configure:4027: result: yes
configure:4180: checking stdio.h usability
configure:4192: gcc -c -g -O2  conftest.c >&5
configure:4198: $? = 0
configure:4201: test -z 			 || test ! -s conftest.err
configure:4204: $? = 0
configure:4207: test -s conftest.o
configure:4210: $? = 0
configure:4220: result: yes
configure:4224: checking stdio.h presence
configure:4234: gcc -E  conftest.c
configure:4240: $? = 0
configure:4260: result: yes
configure:4295: checking for stdio.h
configure:4302: result: yes
configure:4337: checking for raw1394_new_handle in -lraw1394
configure:4367: gcc -o conftest -g -O2   conftest.c -lraw1394   >&5
configure:4373: $? = 0
configure:4376: test -z 			 || test ! -s conftest.err
configure:4379: $? = 0
configure:4382: test -s conftest
configure:4385: $? = 0
configure:4398: result: yes
configure:4430: checking libavc1394/avc1394.h usability
configure:4442: gcc -c -g -O2  -I/usr/include/SDL -D_REENTRANT conftest.c >&5
configure:4448: $? = 0
configure:4451: test -z 			 || test ! -s conftest.err
configure:4454: $? = 0
configure:4457: test -s conftest.o
configure:4460: $? = 0
configure:4470: result: yes
configure:4474: checking libavc1394/avc1394.h presence
configure:4484: gcc -E  -I/usr/include/SDL -D_REENTRANT conftest.c
configure:4490: $? = 0
configure:4510: result: yes
configure:4545: checking for libavc1394/avc1394.h
configure:4552: result: yes
configure:4567: checking for avc1394_vcr_stop in -lavc1394
configure:4597: gcc -o conftest -g -O2  -I/usr/include/SDL -D_REENTRANT  -L/usr/lib -lSDL -lpthread conftest.c -lavc1394  -lraw1394  >&5
/usr/bin/ld: warning: libraw1394.so.5, needed by /usr/lib/libavc1394.so, may conflict with libraw1394.so.8
configure:4603: $? = 0
configure:4606: test -z 			 || test ! -s conftest.err
configure:4609: $? = 0
configure:4612: test -s conftest
configure:4615: $? = 0
configure:4628: result: yes
configure:4655: checking libavc1394/rom1394.h usability
configure:4667: gcc -c -g -O2  -I/usr/include/SDL -D_REENTRANT conftest.c >&5
configure:4673: $? = 0
configure:4676: test -z 			 || test ! -s conftest.err
configure:4679: $? = 0
configure:4682: test -s conftest.o
configure:4685: $? = 0
configure:4695: result: yes
configure:4699: checking libavc1394/rom1394.h presence
configure:4709: gcc -E  -I/usr/include/SDL -D_REENTRANT conftest.c
configure:4715: $? = 0
configure:4735: result: yes
configure:4770: checking for libavc1394/rom1394.h
configure:4777: result: yes
configure:4792: checking for rom1394_get_node_type in -lrom1394
configure:4822: gcc -o conftest -g -O2  -I/usr/include/SDL -D_REENTRANT  -L/usr/lib -lSDL -lpthread conftest.c -lrom1394  -lavc1394 -lraw1394  >&5
/usr/bin/ld: warning: libraw1394.so.5, needed by /usr/lib/librom1394.so, may conflict with libraw1394.so.8
configure:4828: $? = 0
configure:4831: test -z 			 || test ! -s conftest.err
configure:4834: $? = 0
configure:4837: test -s conftest
configure:4840: $? = 0
configure:4853: result: yes
configure:4872: checking for main in -lACE
configure:4896: gcc -o conftest -g -O2  -I/usr/include/SDL -D_REENTRANT  -L/usr/lib -lSDL -lpthread conftest.c -lACE  -lrom1394 -lavc1394 -lraw1394  >&5
/usr/bin/ld: warning: libraw1394.so.5, needed by /usr/lib/librom1394.so, may conflict with libraw1394.so.8
configure:4902: $? = 0
configure:4905: test -z 			 || test ! -s conftest.err
configure:4908: $? = 0
configure:4911: test -s conftest
configure:4914: $? = 0
configure:4927: result: yes
configure:4940: checking for main in -lYARP_OS
configure:4964: gcc -o conftest -g -O2  -I/usr/include/SDL -D_REENTRANT  -L/usr/lib -lSDL -lpthread conftest.c -lYARP_OS  -lACE -lrom1394 -lavc1394 -lraw1394  >&5
/usr/bin/ld: warning: libraw1394.so.5, needed by /usr/lib/librom1394.so, may conflict with libraw1394.so.8
configure:4970: $? = 0
configure:4973: test -z 			 || test ! -s conftest.err
configure:4976: $? = 0
configure:4979: test -s conftest
configure:4982: $? = 0
configure:4995: result: yes
configure:5008: checking for main in -lYARP_sig
configure:5032: gcc -o conftest -g -O2  -I/usr/include/SDL -D_REENTRANT  -L/usr/lib -lSDL -lpthread conftest.c -lYARP_sig  -lYARP_OS -lACE -lrom1394 -lavc1394 -lraw1394  >&5
/usr/bin/ld: warning: libraw1394.so.5, needed by /usr/lib/librom1394.so, may conflict with libraw1394.so.8
configure:5038: $? = 0
configure:5041: test -z 			 || test ! -s conftest.err
configure:5044: $? = 0
configure:5047: test -s conftest
configure:5050: $? = 0
configure:5063: result: yes
configure:5076: checking for main in -lYARP_math
configure:5100: gcc -o conftest -g -O2  -I/usr/include/SDL -D_REENTRANT  -L/usr/lib -lSDL -lpthread conftest.c -lYARP_math  -lYARP_sig -lYARP_OS -lACE -lrom1394 -lavc1394 -lraw1394  >&5
/usr/bin/ld: warning: libraw1394.so.5, needed by /usr/lib/librom1394.so, may conflict with libraw1394.so.8
configure:5106: $? = 0
configure:5109: test -z 			 || test ! -s conftest.err
configure:5112: $? = 0
configure:5115: test -s conftest
configure:5118: $? = 0
configure:5131: result: yes
configure:5148: checking for pthread_create in -lpthread
configure:5178: gcc -o conftest -g -O2  -I/usr/include/SDL -D_REENTRANT  -L/usr/lib -lSDL -lpthread conftest.c -lpthread  -lYARP_math -lYARP_sig -lYARP_OS -lACE -lrom1394 -lavc1394 -lraw1394  >&5
/usr/bin/ld: warning: libraw1394.so.5, needed by /usr/lib/librom1394.so, may conflict with libraw1394.so.8
configure:5184: $? = 0
configure:5187: test -z 			 || test ! -s conftest.err
configure:5190: $? = 0
configure:5193: test -s conftest
configure:5196: $? = 0
configure:5209: result: yes
configure:5241: checking libdv/dv1394.h usability
configure:5253: gcc -c -g -O2  -I/usr/include/SDL -D_REENTRANT conftest.c >&5
configure:5259: $? = 0
configure:5262: test -z 			 || test ! -s conftest.err
configure:5265: $? = 0
configure:5268: test -s conftest.o
configure:5271: $? = 0
configure:5281: result: yes
configure:5285: checking libdv/dv1394.h presence
configure:5295: gcc -E  -I/usr/include/SDL -D_REENTRANT conftest.c
configure:5301: $? = 0
configure:5321: result: yes
configure:5356: checking for libdv/dv1394.h
configure:5363: result: yes
configure:5395: checking libdv/dv.h usability
configure:5407: gcc -c -g -O2  -I/usr/include/SDL -D_REENTRANT conftest.c >&5
configure:5413: $? = 0
configure:5416: test -z 			 || test ! -s conftest.err
configure:5419: $? = 0
configure:5422: test -s conftest.o
configure:5425: $? = 0
configure:5435: result: yes
configure:5439: checking libdv/dv.h presence
configure:5449: gcc -E  -I/usr/include/SDL -D_REENTRANT conftest.c
configure:5455: $? = 0
configure:5475: result: yes
configure:5510: checking for libdv/dv.h
configure:5517: result: yes
configure:5536: checking for dv_encode_metadata in -ldv
configure:5566: gcc -o conftest -g -O2  -I/usr/include/SDL -D_REENTRANT  -L/usr/lib -lSDL -lpthread conftest.c -ldv  -lpthread -lYARP_math -lYARP_sig -lYARP_OS -lACE -lrom1394 -lavc1394 -lraw1394  >&5
/usr/bin/ld: warning: libraw1394.so.5, needed by /usr/lib/librom1394.so, may conflict with libraw1394.so.8
configure:5572: $? = 0
configure:5575: test -z 			 || test ! -s conftest.err
configure:5578: $? = 0
configure:5581: test -s conftest
configure:5584: $? = 0
configure:5597: result: yes
configure:5628: checking quicktime/quicktime.h usability
configure:5640: gcc -c -g -O2  -I/usr/include/SDL -D_REENTRANT conftest.c >&5
configure:5646: $? = 0
configure:5649: test -z 			 || test ! -s conftest.err
configure:5652: $? = 0
configure:5655: test -s conftest.o
configure:5658: $? = 0
configure:5668: result: yes
configure:5672: checking quicktime/quicktime.h presence
configure:5682: gcc -E  -I/usr/include/SDL -D_REENTRANT conftest.c
configure:5688: $? = 0
configure:5708: result: yes
configure:5743: checking for quicktime/quicktime.h
configure:5750: result: yes
configure:5784: checking quicktime/lqt.h usability
configure:5796: gcc -c -g -O2  -I/usr/include/SDL -D_REENTRANT conftest.c >&5
configure:5802: $? = 0
configure:5805: test -z 			 || test ! -s conftest.err
configure:5808: $? = 0
configure:5811: test -s conftest.o
configure:5814: $? = 0
configure:5824: result: yes
configure:5828: checking quicktime/lqt.h presence
configure:5838: gcc -E  -I/usr/include/SDL -D_REENTRANT conftest.c
configure:5844: $? = 0
configure:5864: result: yes
configure:5899: checking for quicktime/lqt.h
configure:5906: result: yes
configure:5915: checking for quicktime_open in -lquicktime
configure:5945: gcc -o conftest -g -O2  -I/usr/include/SDL -D_REENTRANT  -L/usr/lib -lSDL -lpthread conftest.c -lquicktime  -ldv -lpthread -lYARP_math -lYARP_sig -lYARP_OS -lACE -lrom1394 -lavc1394 -lraw1394  >&5
/usr/bin/ld: warning: libraw1394.so.5, needed by /usr/lib/librom1394.so, may conflict with libraw1394.so.8
configure:5951: $? = 0
configure:5954: test -z 			 || test ! -s conftest.err
configure:5957: $? = 0
configure:5960: test -s conftest
configure:5963: $? = 0
configure:5976: result: yes
configure:6601: checking jpeglib.h usability
configure:6613: gcc -c -g -O2  -I/usr/include/SDL -D_REENTRANT conftest.c >&5
configure:6619: $? = 0
configure:6622: test -z 			 || test ! -s conftest.err
configure:6625: $? = 0
configure:6628: test -s conftest.o
configure:6631: $? = 0
configure:6641: result: yes
configure:6645: checking jpeglib.h presence
configure:6655: gcc -E  -I/usr/include/SDL -D_REENTRANT conftest.c
configure:6661: $? = 0
configure:6681: result: yes
configure:6716: checking for jpeglib.h
configure:6723: result: yes
configure:6742: checking for jpeg_CreateCompress in -ljpeg
configure:6772: gcc -o conftest -g -O2  -I/usr/include/SDL -D_REENTRANT  -L/usr/lib -lSDL -lpthread conftest.c -ljpeg  -lquicktime -ldv -lpthread -lYARP_math -lYARP_sig -lYARP_OS -lACE -lrom1394 -lavc1394 -lraw1394  >&5
/usr/bin/ld: warning: libraw1394.so.5, needed by /usr/lib/librom1394.so, may conflict with libraw1394.so.8
configure:6778: $? = 0
configure:6781: test -z 			 || test ! -s conftest.err
configure:6784: $? = 0
configure:6787: test -s conftest
configure:6790: $? = 0
configure:6803: result: yes
configure:6835: checking libraw1394/raw1394.h usability
configure:6847: gcc -c -g -O2  -I/usr/include/SDL -D_REENTRANT conftest.c >&5
configure:6853: $? = 0
configure:6856: test -z 			 || test ! -s conftest.err
configure:6859: $? = 0
configure:6862: test -s conftest.o
configure:6865: $? = 0
configure:6875: result: yes
configure:6879: checking libraw1394/raw1394.h presence
configure:6889: gcc -E  -I/usr/include/SDL -D_REENTRANT conftest.c
configure:6895: $? = 0
configure:6915: result: yes
configure:6950: checking for libraw1394/raw1394.h
configure:6957: result: yes
configure:6835: checking libraw1394/csr.h usability
configure:6847: gcc -c -g -O2  -I/usr/include/SDL -D_REENTRANT conftest.c >&5
configure:6853: $? = 0
configure:6856: test -z 			 || test ! -s conftest.err
configure:6859: $? = 0
configure:6862: test -s conftest.o
configure:6865: $? = 0
configure:6875: result: yes
configure:6879: checking libraw1394/csr.h presence
configure:6889: gcc -E  -I/usr/include/SDL -D_REENTRANT conftest.c
configure:6895: $? = 0
configure:6915: result: yes
configure:6950: checking for libraw1394/csr.h
configure:6957: result: yes
configure:7065: checking for an ANSI C-conforming const
configure:7132: gcc -c -g -O2  -I/usr/include/SDL -D_REENTRANT conftest.c >&5
configure:7138: $? = 0
configure:7141: test -z 			 || test ! -s conftest.err
configure:7144: $? = 0
configure:7147: test -s conftest.o
configure:7150: $? = 0
configure:7161: result: yes
configure:7171: checking for size_t
configure:7195: gcc -c -g -O2  -I/usr/include/SDL -D_REENTRANT conftest.c >&5
configure:7201: $? = 0
configure:7204: test -z 			 || test ! -s conftest.err
configure:7207: $? = 0
configure:7210: test -s conftest.o
configure:7213: $? = 0
configure:7224: result: yes
configure:7236: checking whether struct tm is in sys/time.h or time.h
configure:7259: gcc -c -g -O2  -I/usr/include/SDL -D_REENTRANT conftest.c >&5
configure:7265: $? = 0
configure:7268: test -z 			 || test ! -s conftest.err
configure:7271: $? = 0
configure:7274: test -s conftest.o
configure:7277: $? = 0
configure:7288: result: time.h
configure:7299: checking return type of signal handlers
configure:7330: gcc -c -g -O2  -I/usr/include/SDL -D_REENTRANT conftest.c >&5
configure:7336: $? = 0
configure:7339: test -z 			 || test ! -s conftest.err
configure:7342: $? = 0
configure:7345: test -s conftest.o
configure:7348: $? = 0
configure:7359: result: void
configure:7371: checking for mktime
configure:7428: gcc -o conftest -g -O2  -I/usr/include/SDL -D_REENTRANT  -L/usr/lib -lSDL -lpthread conftest.c -ljpeg -lquicktime -ldv -lpthread -lYARP_math -lYARP_sig -lYARP_OS -lACE -lrom1394 -lavc1394 -lraw1394  >&5
/usr/bin/ld: warning: libraw1394.so.5, needed by /usr/lib/librom1394.so, may conflict with libraw1394.so.8
configure:7434: $? = 0
configure:7437: test -z 			 || test ! -s conftest.err
configure:7440: $? = 0
configure:7443: test -s conftest
configure:7446: $? = 0
configure:7458: result: yes
configure:7586: creating ./config.status

## ---------------- ##
## Cache variables. ##
## ---------------- ##

ac_cv_c_compiler_gnu=yes
ac_cv_c_const=yes
ac_cv_cxx_compiler_gnu=yes
ac_cv_env_CC_set=
ac_cv_env_CC_value=
ac_cv_env_CFLAGS_set=
ac_cv_env_CFLAGS_value=
ac_cv_env_CPPFLAGS_set=
ac_cv_env_CPPFLAGS_value=
ac_cv_env_CPP_set=
ac_cv_env_CPP_value=
ac_cv_env_CXXFLAGS_set=
ac_cv_env_CXXFLAGS_value=
ac_cv_env_CXX_set=
ac_cv_env_CXX_value=
ac_cv_env_LDFLAGS_set=
ac_cv_env_LDFLAGS_value=
ac_cv_env_build_alias_set=
ac_cv_env_build_alias_value=
ac_cv_env_host_alias_set=
ac_cv_env_host_alias_value=
ac_cv_env_target_alias_set=
ac_cv_env_target_alias_value=
ac_cv_exeext=
ac_cv_func_mktime=yes
ac_cv_header_fcntl_h=yes
ac_cv_header_inttypes_h=yes
ac_cv_header_jpeglib_h=yes
ac_cv_header_libavc1394_avc1394_h=yes
ac_cv_header_libavc1394_rom1394_h=yes
ac_cv_header_libdv_dv1394_h=yes
ac_cv_header_libdv_dv_h=yes
ac_cv_header_libraw1394_csr_h=yes
ac_cv_header_libraw1394_raw1394_h=yes
ac_cv_header_memory_h=yes
ac_cv_header_quicktime_lqt_h=yes
ac_cv_header_quicktime_quicktime_h=yes
ac_cv_header_stdc=yes
ac_cv_header_stdint_h=yes
ac_cv_header_stdio_h=yes
ac_cv_header_stdlib_h=yes
ac_cv_header_string_h=yes
ac_cv_header_strings_h=yes
ac_cv_header_sys_stat_h=yes
ac_cv_header_sys_types_h=yes
ac_cv_header_unistd_h=yes
ac_cv_lib_ACE_main=yes
ac_cv_lib_YARP_OS_main=yes
ac_cv_lib_YARP_math_main=yes
ac_cv_lib_YARP_sig_main=yes
ac_cv_lib_avc1394_avc1394_vcr_stop=yes
ac_cv_lib_dv_dv_encode_metadata=yes
ac_cv_lib_jpeg_jpeg_CreateCompress=yes
ac_cv_lib_pthread_pthread_create=yes
ac_cv_lib_quicktime_quicktime_open=yes
ac_cv_lib_raw1394_raw1394_new_handle=yes
ac_cv_lib_rom1394_rom1394_get_node_type=yes
ac_cv_objext=o
ac_cv_path_install='/usr/bin/install -c'
ac_cv_prog_AWK=gawk
ac_cv_prog_CPP='gcc -E'
ac_cv_prog_ac_ct_CC=gcc
ac_cv_prog_ac_ct_CXX=g++
ac_cv_prog_cc_g=yes
ac_cv_prog_cc_stdc=
ac_cv_prog_cxx_g=yes
ac_cv_prog_egrep='grep -E'
ac_cv_prog_make_make_set=yes
ac_cv_struct_tm=time.h
ac_cv_type_signal=void
ac_cv_type_size_t=yes
am_cv_CC_dependencies_compiler_type=gcc3
am_cv_CXX_dependencies_compiler_type=gcc3

## ----------------- ##
## Output variables. ##
## ----------------- ##

ACLOCAL='${SHELL} /afs/csail.mit.edu/u/p/paulfitz/obrero/detectHand/missing --run aclocal-1.8'
AMDEPBACKSLASH='\'
AMDEP_FALSE='#'
AMDEP_TRUE=''
AMTAR='${SHELL} /afs/csail.mit.edu/u/p/paulfitz/obrero/detectHand/missing --run tar'
AUTOCONF='${SHELL} /afs/csail.mit.edu/u/p/paulfitz/obrero/detectHand/missing --run autoconf'
AUTOHEADER='${SHELL} /afs/csail.mit.edu/u/p/paulfitz/obrero/detectHand/missing --run autoheader'
AUTOMAKE='${SHELL} /afs/csail.mit.edu/u/p/paulfitz/obrero/detectHand/missing --run automake-1.8'
AWK='gawk'
CC='gcc'
CCDEPMODE='depmode=gcc3'
CFLAGS='-g -O2'
CPP='gcc -E'
CPPFLAGS=' -I/usr/include/SDL -D_REENTRANT'
CXX='g++'
CXXDEPMODE='depmode=gcc3'
CXXFLAGS='-g -O2'
CYGPATH_W='echo'
DEFS='-DHAVE_CONFIG_H'
DEPDIR='.deps'
ECHO_C=''
ECHO_N='-n'
ECHO_T=''
EGREP='grep -E'
EXEEXT=''
INSTALL_DATA='${INSTALL} -m 644'
INSTALL_PROGRAM='${INSTALL}'
INSTALL_SCRIPT='${INSTALL}'
INSTALL_STRIP_PROGRAM='${SHELL} $(install_sh) -c -s'
LDFLAGS=' -L/usr/lib -lSDL -lpthread'
LIBOBJS=''
LIBS='-ljpeg -lquicktime -ldv -lpthread -lYARP_math -lYARP_sig -lYARP_OS -lACE -lrom1394 -lavc1394 -lraw1394 '
LTLIBOBJS=''
MAKEINFO='${SHELL} /afs/csail.mit.edu/u/p/paulfitz/obrero/detectHand/missing --run makeinfo'
OBJEXT='o'
PACKAGE='dvgrab'
PACKAGE_BUGREPORT=''
PACKAGE_NAME=''
PACKAGE_STRING=''
PACKAGE_TARNAME=''
PACKAGE_VERSION=''
PATH_SEPARATOR=':'
SET_MAKE=''
SHELL='/bin/sh'
STRIP=''
VERSION='1.5'
ac_ct_CC='gcc'
ac_ct_CXX='g++'
ac_ct_STRIP=''
am__fastdepCC_FALSE='#'
am__fastdepCC_TRUE=''
am__fastdepCXX_FALSE='#'
am__fastdepCXX_TRUE=''
am__include='include'
am__leading_dot='.'
am__quote=''
bindir='${exec_prefix}/bin'
build_alias=''
datadir='${prefix}/share'
exec_prefix='${prefix}'
host_alias=''
includedir='${prefix}/include'
infodir='${prefix}/info'
install_sh='/afs/csail.mit.edu/u/p/paulfitz/obrero/detectHand/install-sh'
libdir='${exec_prefix}/lib'
libexecdir='${exec_prefix}/libexec'
localstatedir='${prefix}/var'
mandir='${prefix}/man'
mkdir_p='mkdir -p -- .'
oldincludedir='/usr/include'
prefix='/usr/local'
program_transform_name='s,x,x,'
sbindir='${exec_prefix}/sbin'
sharedstatedir='${prefix}/com'
sysconfdir='${prefix}/etc'
target_alias=''

## ----------- ##
## confdefs.h. ##
## ----------- ##

#define HAVE_FCNTL_H 1
#define HAVE_INTTYPES_H 1
#define HAVE_JPEGLIB_H 1
#define HAVE_LIBACE 1
#define HAVE_LIBAVC1394 1
#define HAVE_LIBDV 1
#define HAVE_LIBDV_DV1394_H 1
#define HAVE_LIBDV_DV_H 1
#define HAVE_LIBJPEG 1
#define HAVE_LIBPTHREAD 1
#define HAVE_LIBQUICKTIME 1
#define HAVE_LIBRAW1394 1
#define HAVE_LIBRAW1394_CSR_H 1
#define HAVE_LIBRAW1394_RAW1394_H 1
#define HAVE_LIBROM1394 1
#define HAVE_LIBYARP_MATH 1
#define HAVE_LIBYARP_OS 1
#define HAVE_LIBYARP_SIG 1
#define HAVE_MEMORY_H 1
#define HAVE_MKTIME 1
#define HAVE_QUICKTIME_LQT_H 1
#define HAVE_QUICKTIME_QUICKTIME_H 1
#define HAVE_STDINT_H 1
#define HAVE_STDIO_H 1
#define HAVE_STDLIB_H 1
#define HAVE_STRINGS_H 1
#define HAVE_STRING_H 1
#define HAVE_SYS_STAT_H 1
#define HAVE_SYS_TYPES_H 1
#define HAVE_UNISTD_H 1
#define HAVE_UNISTD_H 1
#define PACKAGE "dvgrab"
#define PACKAGE_BUGREPORT ""
#define PACKAGE_NAME ""
#define PACKAGE_STRING ""
#define PACKAGE_TARNAME ""
#define PACKAGE_VERSION ""
#define RETSIGTYPE void
#define STDC_HEADERS 1
#define VERSION "1.5"
#endif
#ifdef __cplusplus
extern "C" void std::exit (int) throw (); using std::exit;

configure: exit 0

## ---------------------- ##
## Running config.status. ##
## ---------------------- ##

This file was extended by config.status, which was
generated by GNU Autoconf 2.59.  Invocation command line was

  CONFIG_FILES    = 
  CONFIG_HEADERS  = 
  CONFIG_LINKS    = 
  CONFIG_COMMANDS = 
  $ ./config.status 

on conspire3

config.status:732: creating Makefile
config.status:798: creating config.h
config.status:968: config.h is unchanged
config.status:1148: executing depfiles commands

## ---------------------- ##
## Running config.status. ##
## ---------------------- ##

This file was extended by config.status, which was
generated by GNU Autoconf 2.59.  Invocation command line was

  CONFIG_FILES    = 
  CONFIG_HEADERS  = 
  CONFIG_LINKS    = 
  CONFIG_COMMANDS = 
  $ ./config.status config.h

on conspire3

config.status:798: creating config.h
config.status:968: config.h is unchanged
