This file contains any messages produced by compilers while
running configure, to aid debugging if configure makes a mistake.

It was created by configure, which was
generated by GNU Autoconf 2.59.  Invocation command line was

  $ ./configure --no-create --no-recursion

## --------- ##
## Platform. ##
## --------- ##

hostname = conspire1
uname -m = i686
uname -r = 2.4.28-1-csail-i686
uname -s = Linux
uname -v = #1 SMP Wed Feb 9 11:34:03 EST 2005

/usr/bin/uname -p = unknown
/bin/uname -X     = unknown

/bin/arch              = i686
/usr/bin/arch -k       = unknown
/usr/convex/getsysinfo = unknown
hostinfo               = unknown
/bin/machine           = unknown
/usr/bin/oslevel       = unknown
/bin/universe          = unknown

PATH: /afs/csail.mit.edu/u/p/paulfitz/bin
PATH: /afs/csail.mit.edu/system/i386_linux24/matlab/latest/bin
PATH: /usr/local/csail/bin
PATH: /bin
PATH: /usr/bin
PATH: /usr/local/bin
PATH: /usr/X11R6/bin


## ----------- ##
## Core tests. ##
## ----------- ##

configure:1380: checking for a BSD-compatible install
configure:1435: result: /usr/bin/install -c
configure:1446: checking whether build environment is sane
configure:1489: result: yes
configure:1546: checking for gawk
configure:1562: found /usr/bin/gawk
configure:1572: result: gawk
configure:1582: checking whether make sets $(MAKE)
configure:1602: result: yes
configure:1815: checking for gcc
configure:1831: found /usr/bin/gcc
configure:1841: result: gcc
configure:2085: checking for C compiler version
configure:2088: gcc --version </dev/null >&5
gcc (GCC) 3.3.5 (Debian 1:3.3.5-13)
Copyright (C) 2003 Free Software Foundation, Inc.
This is free software; see the source for copying conditions.  There is NO
warranty; not even for MERCHANTABILITY or FITNESS FOR A PARTICULAR PURPOSE.

configure:2091: $? = 0
configure:2093: gcc -v </dev/null >&5
Reading specs from /usr/lib/gcc-lib/i486-linux/3.3.5/specs
Configured with: ../src/configure -v --enable-languages=c,c++,java,f77,pascal,objc,ada,treelang --prefix=/usr --mandir=/usr/share/man --infodir=/usr/share/info --with-gxx-include-dir=/usr/include/c++/3.3 --enable-shared --enable-__cxa_atexit --with-system-zlib --enable-nls --without-included-gettext --enable-clocale=gnu --enable-debug --enable-java-gc=boehm --enable-java-awt=xlib --enable-objc-gc i486-linux
Thread model: posix
gcc version 3.3.5 (Debian 1:3.3.5-13)
configure:2096: $? = 0
configure:2098: gcc -V </dev/null >&5
gcc: `-V' option must have argument
configure:2101: $? = 1
configure:2124: checking for C compiler default output file name
configure:2127: gcc    conftest.c  >&5
configure:2130: $? = 0
configure:2176: result: a.out
configure:2181: checking whether the C compiler works
configure:2187: ./a.out
configure:2190: $? = 0
configure:2207: result: yes
configure:2214: checking whether we are cross compiling
configure:2216: result: no
configure:2219: checking for suffix of executables
configure:2221: gcc -o conftest    conftest.c  >&5
configure:2224: $? = 0
configure:2249: result: 
configure:2255: checking for suffix of object files
configure:2276: gcc -c   conftest.c >&5
configure:2279: $? = 0
configure:2301: result: o
configure:2305: checking whether we are using the GNU C compiler
configure:2329: gcc -c   conftest.c >&5
configure:2335: $? = 0
configure:2338: test -z 			 || test ! -s conftest.err
configure:2341: $? = 0
configure:2344: test -s conftest.o
configure:2347: $? = 0
configure:2360: result: yes
configure:2366: checking whether gcc accepts -g
configure:2387: gcc -c -g  conftest.c >&5
configure:2393: $? = 0
configure:2396: test -z 			 || test ! -s conftest.err
configure:2399: $? = 0
configure:2402: test -s conftest.o
configure:2405: $? = 0
configure:2416: result: yes
configure:2433: checking for gcc option to accept ANSI C
configure:2503: gcc  -c -g -O2  conftest.c >&5
configure:2509: $? = 0
configure:2512: test -z 			 || test ! -s conftest.err
configure:2515: $? = 0
configure:2518: test -s conftest.o
configure:2521: $? = 0
configure:2539: result: none needed
configure:2557: gcc -c -g -O2  conftest.c >&5
conftest.c:2: error: syntax error before "me"
configure:2563: $? = 1
configure: failed program was:
| #ifndef __cplusplus
|   choke me
| #endif
configure:2704: checking for style of include used by make
configure:2732: result: GNU
configure:2760: checking dependency style of gcc
configure:2850: result: gcc3
configure:2919: checking for g++
configure:2935: found /usr/bin/g++
configure:2945: result: g++
configure:2961: checking for C++ compiler version
configure:2964: g++ --version </dev/null >&5
g++ (GCC) 3.3.5 (Debian 1:3.3.5-13)
Copyright (C) 2003 Free Software Foundation, Inc.
This is free software; see the source for copying conditions.  There is NO
warranty; not even for MERCHANTABILITY or FITNESS FOR A PARTICULAR PURPOSE.

configure:2967: $? = 0
configure:2969: g++ -v </dev/null >&5
Reading specs from /usr/lib/gcc-lib/i486-linux/3.3.5/specs
Configured with: ../src/configure -v --enable-languages=c,c++,java,f77,pascal,objc,ada,treelang --prefix=/usr --mandir=/usr/share/man --infodir=/usr/share/info --with-gxx-include-dir=/usr/include/c++/3.3 --enable-shared --enable-__cxa_atexit --with-system-zlib --enable-nls --without-included-gettext --enable-clocale=gnu --enable-debug --enable-java-gc=boehm --enable-java-awt=xlib --enable-objc-gc i486-linux
Thread model: posix
gcc version 3.3.5 (Debian 1:3.3.5-13)
configure:2972: $? = 0
configure:2974: g++ -V </dev/null >&5
g++: `-V' option must have argument
configure:2977: $? = 1
configure:2980: checking whether we are using the GNU C++ compiler
configure:3004: g++ -c   conftest.cc >&5
configure:3010: $? = 0
configure:3013: test -z 			 || test ! -s conftest.err
configure:3016: $? = 0
configure:3019: test -s conftest.o
configure:3022: $? = 0
configure:3035: result: yes
configure:3041: checking whether g++ accepts -g
configure:3062: g++ -c -g  conftest.cc >&5
configure:3068: $? = 0
configure:3071: test -z 			 || test ! -s conftest.err
configure:3074: $? = 0
configure:3077: test -s conftest.o
configure:3080: $? = 0
configure:3091: result: yes
configure:3133: g++ -c -g -O2  conftest.cc >&5
configure:3139: $? = 0
configure:3142: test -z 			 || test ! -s conftest.err
configure:3145: $? = 0
configure:3148: test -s conftest.o
configure:3151: $? = 0
configure:3177: g++ -c -g -O2  conftest.cc >&5
conftest.cc: In function `int main()':
conftest.cc:15: error: `exit' undeclared (first use this function)
conftest.cc:15: error: (Each undeclared identifier is reported only once for 
   each function it appears in.)
configure:3183: $? = 1
configure: failed program was:
| /* confdefs.h.  */
| 
| #define PACKAGE_NAME ""
| #define PACKAGE_TARNAME ""
| #define PACKAGE_VERSION ""
| #define PACKAGE_STRING ""
| #define PACKAGE_BUGREPORT ""
| #define PACKAGE "dvgrab"
| #define VERSION "1.5"
| /* end confdefs.h.  */
| 
| int
| main ()
| {
| exit (42);
|   ;
|   return 0;
| }
configure:3133: g++ -c -g -O2  conftest.cc >&5
configure:3139: $? = 0
configure:3142: test -z 			 || test ! -s conftest.err
configure:3145: $? = 0
configure:3148: test -s conftest.o
configure:3151: $? = 0
configure:3177: g++ -c -g -O2  conftest.cc >&5
configure:3183: $? = 0
configure:3186: test -z 			 || test ! -s conftest.err
configure:3189: $? = 0
configure:3192: test -s conftest.o
configure:3195: $? = 0
configure:3220: checking dependency style of g++
configure:3310: result: gcc3
configure:3340: checking for a BSD-compatible install
configure:3395: result: /usr/bin/install -c
configure:3415: checking for pkg-config
configure:3433: found /usr/bin/pkg-config
configure:3445: result: /usr/bin/pkg-config
configure:3467: checking how to run the C++ preprocessor
configure:3498: g++ -E  conftest.cc
configure:3504: $? = 0
configure:3536: g++ -E  conftest.cc
conftest.cc:14:28: ac_nonexistent.h: No such file or directory
configure:3542: $? = 1
configure: failed program was:
| /* confdefs.h.  */
| 
| #define PACKAGE_NAME ""
| #define PACKAGE_TARNAME ""
| #define PACKAGE_VERSION ""
| #define PACKAGE_STRING ""
| #define PACKAGE_BUGREPORT ""
| #define PACKAGE "dvgrab"
| #define VERSION "1.5"
| #ifdef __cplusplus
| extern "C" void std::exit (int) throw (); using std::exit;
| #endif
| /* end confdefs.h.  */
| #include <ac_nonexistent.h>
configure:3581: result: g++ -E
configure:3605: g++ -E  conftest.cc
configure:3611: $? = 0
configure:3643: g++ -E  conftest.cc
conftest.cc:14:28: ac_nonexistent.h: No such file or directory
configure:3649: $? = 1
configure: failed program was:
| /* confdefs.h.  */
| 
| #define PACKAGE_NAME ""
| #define PACKAGE_TARNAME ""
| #define PACKAGE_VERSION ""
| #define PACKAGE_STRING ""
| #define PACKAGE_BUGREPORT ""
| #define PACKAGE "dvgrab"
| #define VERSION "1.5"
| #ifdef __cplusplus
| extern "C" void std::exit (int) throw (); using std::exit;
| #endif
| /* end confdefs.h.  */
| #include <ac_nonexistent.h>
configure:3693: checking for egrep
configure:3703: result: grep -E
configure:3708: checking for ANSI C header files
configure:3733: g++ -c -g -O2  conftest.cc >&5
configure:3739: $? = 0
configure:3742: test -z 			 || test ! -s conftest.err
configure:3745: $? = 0
configure:3748: test -s conftest.o
configure:3751: $? = 0
configure:3837: g++ -o conftest -g -O2   conftest.cc  >&5
configure:3840: $? = 0
configure:3842: ./conftest
configure:3845: $? = 0
configure:3860: result: yes
configure:3884: checking for sys/types.h
configure:3900: g++ -c -g -O2  conftest.cc >&5
configure:3906: $? = 0
configure:3909: test -z 			 || test ! -s conftest.err
configure:3912: $? = 0
configure:3915: test -s conftest.o
configure:3918: $? = 0
configure:3929: result: yes
configure:3884: checking for sys/stat.h
configure:3900: g++ -c -g -O2  conftest.cc >&5
configure:3906: $? = 0
configure:3909: test -z 			 || test ! -s conftest.err
configure:3912: $? = 0
configure:3915: test -s conftest.o
configure:3918: $? = 0
configure:3929: result: yes
configure:3884: checking for stdlib.h
configure:3900: g++ -c -g -O2  conftest.cc >&5
configure:3906: $? = 0
configure:3909: test -z 			 || test ! -s conftest.err
configure:3912: $? = 0
configure:3915: test -s conftest.o
configure:3918: $? = 0
configure:3929: result: yes
configure:3884: checking for string.h
configure:3900: g++ -c -g -O2  conftest.cc >&5
configure:3906: $? = 0
configure:3909: test -z 			 || test ! -s conftest.err
configure:3912: $? = 0
configure:3915: test -s conftest.o
configure:3918: $? = 0
configure:3929: result: yes
configure:3884: checking for memory.h
configure:3900: g++ -c -g -O2  conftest.cc >&5
configure:3906: $? = 0
configure:3909: test -z 			 || test ! -s conftest.err
configure:3912: $? = 0
configure:3915: test -s conftest.o
configure:3918: $? = 0
configure:3929: result: yes
configure:3884: checking for strings.h
configure:3900: g++ -c -g -O2  conftest.cc >&5
configure:3906: $? = 0
configure:3909: test -z 			 || test ! -s conftest.err
configure:3912: $? = 0
configure:3915: test -s conftest.o
configure:3918: $? = 0
configure:3929: result: yes
configure:3884: checking for inttypes.h
configure:3900: g++ -c -g -O2  conftest.cc >&5
configure:3906: $? = 0
configure:3909: test -z 			 || test ! -s conftest.err
configure:3912: $? = 0
configure:3915: test -s conftest.o
configure:3918: $? = 0
configure:3929: result: yes
configure:3884: checking for stdint.h
configure:3900: g++ -c -g -O2  conftest.cc >&5
configure:3906: $? = 0
configure:3909: test -z 			 || test ! -s conftest.err
configure:3912: $? = 0
configure:3915: test -s conftest.o
configure:3918: $? = 0
configure:3929: result: yes
configure:3884: checking for unistd.h
configure:3900: g++ -c -g -O2  conftest.cc >&5
configure:3906: $? = 0
configure:3909: test -z 			 || test ! -s conftest.err
configure:3912: $? = 0
configure:3915: test -s conftest.o
configure:3918: $? = 0
configure:3929: result: yes
configure:3955: checking fcntl.h usability
configure:3967: g++ -c -g -O2  conftest.cc >&5
configure:3973: $? = 0
configure:3976: test -z 			 || test ! -s conftest.err
configure:3979: $? = 0
configure:3982: test -s conftest.o
configure:3985: $? = 0
configure:3995: result: yes
configure:3999: checking fcntl.h presence
configure:4009: g++ -E  conftest.cc
configure:4015: $? = 0
configure:4035: result: yes
configure:4070: checking for fcntl.h
configure:4077: result: yes
configure:4095: checking for unistd.h
configure:4100: result: yes
configure:4253: checking stdio.h usability
configure:4265: g++ -c -g -O2  conftest.cc >&5
configure:4271: $? = 0
configure:4274: test -z 			 || test ! -s conftest.err
configure:4277: $? = 0
configure:4280: test -s conftest.o
configure:4283: $? = 0
configure:4293: result: yes
configure:4297: checking stdio.h presence
configure:4307: g++ -E  conftest.cc
configure:4313: $? = 0
configure:4333: result: yes
configure:4368: checking for stdio.h
configure:4375: result: yes
configure:4482: checking pkg-config is at least version 0.9.0
configure:4485: result: yes
configure:4496: checking for SIGC_CFLAGS
configure:4504: $PKG_CONFIG --exists "sigc++-1.2" >/dev/null 2>&1
configure:4507: $? = 0
configure:4517: result: -I/usr/lib/sigc++-1.2/include -I/usr/include/sigc++-1.2  
configure:4519: checking for SIGC_LIBS
configure:4527: $PKG_CONFIG --exists "sigc++-1.2" >/dev/null 2>&1
configure:4530: $? = 0
configure:4540: result: -lsigc-1.2  
configure:4599: checking for GTKMM_CFLAGS
configure:4607: $PKG_CONFIG --exists "gtkmm-2.0 >= 2.0.0" >/dev/null 2>&1
configure:4610: $? = 0
configure:4620: result: -DXTHREADS -I/usr/include/gtkmm-2.0 -I/usr/lib/gtkmm-2.0/include -I/usr/include/gtk-2.0 -I/usr/lib/sigc++-1.2/include -I/usr/include/sigc++-1.2 -I/usr/include/glib-2.0 -I/usr/lib/glib-2.0/include -I/usr/lib/gtk-2.0/include -I/usr/X11R6/include -I/usr/include/pango-1.0 -I/usr/include/freetype2 -I/usr/include/atk-1.0  
configure:4622: checking for GTKMM_LIBS
configure:4630: $PKG_CONFIG --exists "gtkmm-2.0 >= 2.0.0" >/dev/null 2>&1
configure:4633: $? = 0
configure:4643: result: -Wl,--export-dynamic -lgtkmm-2.0 -lgdkmm-2.0 -latkmm-1.0 -lgtk-x11-2.0 -lpangomm-1.0 -lglibmm-2.0 -lsigc-1.2 -lgdk-x11-2.0 -latk-1.0 -lgdk_pixbuf-2.0 -lm -lpangoxft-1.0 -lpangox-1.0 -lpango-1.0 -lgobject-2.0 -lgmodule-2.0 -ldl -lglib-2.0  
configure:4685: checking for raw1394_new_handle in -lraw1394
configure:4715: g++ -o conftest -g -O2 -I/usr/lib/sigc++-1.2/include -I/usr/include/sigc++-1.2    -I/usr/lib/sigcx-0.6/include/ -DXTHREADS -I/usr/include/gtkmm-2.0 -I/usr/lib/gtkmm-2.0/include -I/usr/include/gtk-2.0 -I/usr/lib/sigc++-1.2/include -I/usr/include/sigc++-1.2 -I/usr/include/glib-2.0 -I/usr/lib/glib-2.0/include -I/usr/lib/gtk-2.0/include -I/usr/X11R6/include -I/usr/include/pango-1.0 -I/usr/include/freetype2 -I/usr/include/atk-1.0   -I/usr/include/opencv   -lsigc-1.2   -Wl,--export-dynamic -lgtkmm-2.0 -lgdkmm-2.0 -latkmm-1.0 -lgtk-x11-2.0 -lpangomm-1.0 -lglibmm-2.0 -lsigc-1.2 -lgdk-x11-2.0 -latk-1.0 -lgdk_pixbuf-2.0 -lm -lpangoxft-1.0 -lpangox-1.0 -lpango-1.0 -lgobject-2.0 -lgmodule-2.0 -ldl -lglib-2.0   conftest.cc -lraw1394   >&5
configure:4721: $? = 0
configure:4724: test -z 			 || test ! -s conftest.err
configure:4727: $? = 0
configure:4730: test -s conftest
configure:4733: $? = 0
configure:4746: result: yes
configure:4775: checking libavc1394/avc1394.h usability
configure:4787: g++ -c -g -O2 -I/usr/lib/sigc++-1.2/include -I/usr/include/sigc++-1.2    -I/usr/lib/sigcx-0.6/include/ -DXTHREADS -I/usr/include/gtkmm-2.0 -I/usr/lib/gtkmm-2.0/include -I/usr/include/gtk-2.0 -I/usr/lib/sigc++-1.2/include -I/usr/include/sigc++-1.2 -I/usr/include/glib-2.0 -I/usr/lib/glib-2.0/include -I/usr/lib/gtk-2.0/include -I/usr/X11R6/include -I/usr/include/pango-1.0 -I/usr/include/freetype2 -I/usr/include/atk-1.0   -I/usr/include/opencv  conftest.cc >&5
configure:4793: $? = 0
configure:4796: test -z 			 || test ! -s conftest.err
configure:4799: $? = 0
configure:4802: test -s conftest.o
configure:4805: $? = 0
configure:4815: result: yes
configure:4819: checking libavc1394/avc1394.h presence
configure:4829: g++ -E  conftest.cc
configure:4835: $? = 0
configure:4855: result: yes
configure:4890: checking for libavc1394/avc1394.h
configure:4897: result: yes
configure:4912: checking for avc1394_vcr_stop in -lavc1394
configure:4942: g++ -o conftest -g -O2 -I/usr/lib/sigc++-1.2/include -I/usr/include/sigc++-1.2    -I/usr/lib/sigcx-0.6/include/ -DXTHREADS -I/usr/include/gtkmm-2.0 -I/usr/lib/gtkmm-2.0/include -I/usr/include/gtk-2.0 -I/usr/lib/sigc++-1.2/include -I/usr/include/sigc++-1.2 -I/usr/include/glib-2.0 -I/usr/lib/glib-2.0/include -I/usr/lib/gtk-2.0/include -I/usr/X11R6/include -I/usr/include/pango-1.0 -I/usr/include/freetype2 -I/usr/include/atk-1.0   -I/usr/include/opencv   -lsigc-1.2   -Wl,--export-dynamic -lgtkmm-2.0 -lgdkmm-2.0 -latkmm-1.0 -lgtk-x11-2.0 -lpangomm-1.0 -lglibmm-2.0 -lsigc-1.2 -lgdk-x11-2.0 -latk-1.0 -lgdk_pixbuf-2.0 -lm -lpangoxft-1.0 -lpangox-1.0 -lpango-1.0 -lgobject-2.0 -lgmodule-2.0 -ldl -lglib-2.0   conftest.cc -lavc1394  -lraw1394  >&5
configure:4948: $? = 0
configure:4951: test -z 			 || test ! -s conftest.err
configure:4954: $? = 0
configure:4957: test -s conftest
configure:4960: $? = 0
configure:4973: result: yes
configure:5000: checking libavc1394/rom1394.h usability
configure:5012: g++ -c -g -O2 -I/usr/lib/sigc++-1.2/include -I/usr/include/sigc++-1.2    -I/usr/lib/sigcx-0.6/include/ -DXTHREADS -I/usr/include/gtkmm-2.0 -I/usr/lib/gtkmm-2.0/include -I/usr/include/gtk-2.0 -I/usr/lib/sigc++-1.2/include -I/usr/include/sigc++-1.2 -I/usr/include/glib-2.0 -I/usr/lib/glib-2.0/include -I/usr/lib/gtk-2.0/include -I/usr/X11R6/include -I/usr/include/pango-1.0 -I/usr/include/freetype2 -I/usr/include/atk-1.0   -I/usr/include/opencv  conftest.cc >&5
configure:5018: $? = 0
configure:5021: test -z 			 || test ! -s conftest.err
configure:5024: $? = 0
configure:5027: test -s conftest.o
configure:5030: $? = 0
configure:5040: result: yes
configure:5044: checking libavc1394/rom1394.h presence
configure:5054: g++ -E  conftest.cc
configure:5060: $? = 0
configure:5080: result: yes
configure:5115: checking for libavc1394/rom1394.h
configure:5122: result: yes
configure:5137: checking for rom1394_get_node_type in -lrom1394
configure:5167: g++ -o conftest -g -O2 -I/usr/lib/sigc++-1.2/include -I/usr/include/sigc++-1.2    -I/usr/lib/sigcx-0.6/include/ -DXTHREADS -I/usr/include/gtkmm-2.0 -I/usr/lib/gtkmm-2.0/include -I/usr/include/gtk-2.0 -I/usr/lib/sigc++-1.2/include -I/usr/include/sigc++-1.2 -I/usr/include/glib-2.0 -I/usr/lib/glib-2.0/include -I/usr/lib/gtk-2.0/include -I/usr/X11R6/include -I/usr/include/pango-1.0 -I/usr/include/freetype2 -I/usr/include/atk-1.0   -I/usr/include/opencv   -lsigc-1.2   -Wl,--export-dynamic -lgtkmm-2.0 -lgdkmm-2.0 -latkmm-1.0 -lgtk-x11-2.0 -lpangomm-1.0 -lglibmm-2.0 -lsigc-1.2 -lgdk-x11-2.0 -latk-1.0 -lgdk_pixbuf-2.0 -lm -lpangoxft-1.0 -lpangox-1.0 -lpango-1.0 -lgobject-2.0 -lgmodule-2.0 -ldl -lglib-2.0   conftest.cc -lrom1394  -lavc1394 -lraw1394  >&5
configure:5173: $? = 0
configure:5176: test -z 			 || test ! -s conftest.err
configure:5179: $? = 0
configure:5182: test -s conftest
configure:5185: $? = 0
configure:5198: result: yes
configure:5216: checking for pthread_create in -lpthread
configure:5246: g++ -o conftest -g -O2 -I/usr/lib/sigc++-1.2/include -I/usr/include/sigc++-1.2    -I/usr/lib/sigcx-0.6/include/ -DXTHREADS -I/usr/include/gtkmm-2.0 -I/usr/lib/gtkmm-2.0/include -I/usr/include/gtk-2.0 -I/usr/lib/sigc++-1.2/include -I/usr/include/sigc++-1.2 -I/usr/include/glib-2.0 -I/usr/lib/glib-2.0/include -I/usr/lib/gtk-2.0/include -I/usr/X11R6/include -I/usr/include/pango-1.0 -I/usr/include/freetype2 -I/usr/include/atk-1.0   -I/usr/include/opencv   -lsigc-1.2   -Wl,--export-dynamic -lgtkmm-2.0 -lgdkmm-2.0 -latkmm-1.0 -lgtk-x11-2.0 -lpangomm-1.0 -lglibmm-2.0 -lsigc-1.2 -lgdk-x11-2.0 -latk-1.0 -lgdk_pixbuf-2.0 -lm -lpangoxft-1.0 -lpangox-1.0 -lpango-1.0 -lgobject-2.0 -lgmodule-2.0 -ldl -lglib-2.0   conftest.cc -lpthread  -lrom1394 -lavc1394 -lraw1394  >&5
configure:5252: $? = 0
configure:5255: test -z 			 || test ! -s conftest.err
configure:5258: $? = 0
configure:5261: test -s conftest
configure:5264: $? = 0
configure:5277: result: yes
configure:5309: checking libdv/dv1394.h usability
configure:5321: g++ -c -g -O2 -I/usr/lib/sigc++-1.2/include -I/usr/include/sigc++-1.2    -I/usr/lib/sigcx-0.6/include/ -DXTHREADS -I/usr/include/gtkmm-2.0 -I/usr/lib/gtkmm-2.0/include -I/usr/include/gtk-2.0 -I/usr/lib/sigc++-1.2/include -I/usr/include/sigc++-1.2 -I/usr/include/glib-2.0 -I/usr/lib/glib-2.0/include -I/usr/lib/gtk-2.0/include -I/usr/X11R6/include -I/usr/include/pango-1.0 -I/usr/include/freetype2 -I/usr/include/atk-1.0   -I/usr/include/opencv  conftest.cc >&5
configure:5327: $? = 0
configure:5330: test -z 			 || test ! -s conftest.err
configure:5333: $? = 0
configure:5336: test -s conftest.o
configure:5339: $? = 0
configure:5349: result: yes
configure:5353: checking libdv/dv1394.h presence
configure:5363: g++ -E  conftest.cc
configure:5369: $? = 0
configure:5389: result: yes
configure:5424: checking for libdv/dv1394.h
configure:5431: result: yes
configure:5463: checking libdv/dv.h usability
configure:5475: g++ -c -g -O2 -I/usr/lib/sigc++-1.2/include -I/usr/include/sigc++-1.2    -I/usr/lib/sigcx-0.6/include/ -DXTHREADS -I/usr/include/gtkmm-2.0 -I/usr/lib/gtkmm-2.0/include -I/usr/include/gtk-2.0 -I/usr/lib/sigc++-1.2/include -I/usr/include/sigc++-1.2 -I/usr/include/glib-2.0 -I/usr/lib/glib-2.0/include -I/usr/lib/gtk-2.0/include -I/usr/X11R6/include -I/usr/include/pango-1.0 -I/usr/include/freetype2 -I/usr/include/atk-1.0   -I/usr/include/opencv  conftest.cc >&5
configure:5481: $? = 0
configure:5484: test -z 			 || test ! -s conftest.err
configure:5487: $? = 0
configure:5490: test -s conftest.o
configure:5493: $? = 0
configure:5503: result: yes
configure:5507: checking libdv/dv.h presence
configure:5517: g++ -E  conftest.cc
configure:5523: $? = 0
configure:5543: result: yes
configure:5578: checking for libdv/dv.h
configure:5585: result: yes
configure:5604: checking for dv_encode_metadata in -ldv
configure:5634: g++ -o conftest -g -O2 -I/usr/lib/sigc++-1.2/include -I/usr/include/sigc++-1.2    -I/usr/lib/sigcx-0.6/include/ -DXTHREADS -I/usr/include/gtkmm-2.0 -I/usr/lib/gtkmm-2.0/include -I/usr/include/gtk-2.0 -I/usr/lib/sigc++-1.2/include -I/usr/include/sigc++-1.2 -I/usr/include/glib-2.0 -I/usr/lib/glib-2.0/include -I/usr/lib/gtk-2.0/include -I/usr/X11R6/include -I/usr/include/pango-1.0 -I/usr/include/freetype2 -I/usr/include/atk-1.0   -I/usr/include/opencv   -lsigc-1.2   -Wl,--export-dynamic -lgtkmm-2.0 -lgdkmm-2.0 -latkmm-1.0 -lgtk-x11-2.0 -lpangomm-1.0 -lglibmm-2.0 -lsigc-1.2 -lgdk-x11-2.0 -latk-1.0 -lgdk_pixbuf-2.0 -lm -lpangoxft-1.0 -lpangox-1.0 -lpango-1.0 -lgobject-2.0 -lgmodule-2.0 -ldl -lglib-2.0   conftest.cc -ldv  -lpthread -lrom1394 -lavc1394 -lraw1394  >&5
configure:5640: $? = 0
configure:5643: test -z 			 || test ! -s conftest.err
configure:5646: $? = 0
configure:5649: test -s conftest
configure:5652: $? = 0
configure:5665: result: yes
configure:5696: checking quicktime/quicktime.h usability
configure:5708: g++ -c -g -O2 -I/usr/lib/sigc++-1.2/include -I/usr/include/sigc++-1.2    -I/usr/lib/sigcx-0.6/include/ -DXTHREADS -I/usr/include/gtkmm-2.0 -I/usr/lib/gtkmm-2.0/include -I/usr/include/gtk-2.0 -I/usr/lib/sigc++-1.2/include -I/usr/include/sigc++-1.2 -I/usr/include/glib-2.0 -I/usr/lib/glib-2.0/include -I/usr/lib/gtk-2.0/include -I/usr/X11R6/include -I/usr/include/pango-1.0 -I/usr/include/freetype2 -I/usr/include/atk-1.0   -I/usr/include/opencv  conftest.cc >&5
configure:5714: $? = 0
configure:5717: test -z 			 || test ! -s conftest.err
configure:5720: $? = 0
configure:5723: test -s conftest.o
configure:5726: $? = 0
configure:5736: result: yes
configure:5740: checking quicktime/quicktime.h presence
configure:5750: g++ -E  conftest.cc
configure:5756: $? = 0
configure:5776: result: yes
configure:5811: checking for quicktime/quicktime.h
configure:5818: result: yes
configure:5852: checking quicktime/lqt.h usability
configure:5864: g++ -c -g -O2 -I/usr/lib/sigc++-1.2/include -I/usr/include/sigc++-1.2    -I/usr/lib/sigcx-0.6/include/ -DXTHREADS -I/usr/include/gtkmm-2.0 -I/usr/lib/gtkmm-2.0/include -I/usr/include/gtk-2.0 -I/usr/lib/sigc++-1.2/include -I/usr/include/sigc++-1.2 -I/usr/include/glib-2.0 -I/usr/lib/glib-2.0/include -I/usr/lib/gtk-2.0/include -I/usr/X11R6/include -I/usr/include/pango-1.0 -I/usr/include/freetype2 -I/usr/include/atk-1.0   -I/usr/include/opencv  conftest.cc >&5
configure:5870: $? = 0
configure:5873: test -z 			 || test ! -s conftest.err
configure:5876: $? = 0
configure:5879: test -s conftest.o
configure:5882: $? = 0
configure:5892: result: yes
configure:5896: checking quicktime/lqt.h presence
configure:5906: g++ -E  conftest.cc
configure:5912: $? = 0
configure:5932: result: yes
configure:5967: checking for quicktime/lqt.h
configure:5974: result: yes
configure:5983: checking for quicktime_open in -lquicktime
configure:6013: g++ -o conftest -g -O2 -I/usr/lib/sigc++-1.2/include -I/usr/include/sigc++-1.2    -I/usr/lib/sigcx-0.6/include/ -DXTHREADS -I/usr/include/gtkmm-2.0 -I/usr/lib/gtkmm-2.0/include -I/usr/include/gtk-2.0 -I/usr/lib/sigc++-1.2/include -I/usr/include/sigc++-1.2 -I/usr/include/glib-2.0 -I/usr/lib/glib-2.0/include -I/usr/lib/gtk-2.0/include -I/usr/X11R6/include -I/usr/include/pango-1.0 -I/usr/include/freetype2 -I/usr/include/atk-1.0   -I/usr/include/opencv   -lsigc-1.2   -Wl,--export-dynamic -lgtkmm-2.0 -lgdkmm-2.0 -latkmm-1.0 -lgtk-x11-2.0 -lpangomm-1.0 -lglibmm-2.0 -lsigc-1.2 -lgdk-x11-2.0 -latk-1.0 -lgdk_pixbuf-2.0 -lm -lpangoxft-1.0 -lpangox-1.0 -lpango-1.0 -lgobject-2.0 -lgmodule-2.0 -ldl -lglib-2.0   conftest.cc -lquicktime  -ldv -lpthread -lrom1394 -lavc1394 -lraw1394  >&5
configure:6019: $? = 0
configure:6022: test -z 			 || test ! -s conftest.err
configure:6025: $? = 0
configure:6028: test -s conftest
configure:6031: $? = 0
configure:6044: result: yes
configure:6669: checking jpeglib.h usability
configure:6681: g++ -c -g -O2 -I/usr/lib/sigc++-1.2/include -I/usr/include/sigc++-1.2    -I/usr/lib/sigcx-0.6/include/ -DXTHREADS -I/usr/include/gtkmm-2.0 -I/usr/lib/gtkmm-2.0/include -I/usr/include/gtk-2.0 -I/usr/lib/sigc++-1.2/include -I/usr/include/sigc++-1.2 -I/usr/include/glib-2.0 -I/usr/lib/glib-2.0/include -I/usr/lib/gtk-2.0/include -I/usr/X11R6/include -I/usr/include/pango-1.0 -I/usr/include/freetype2 -I/usr/include/atk-1.0   -I/usr/include/opencv  conftest.cc >&5
configure:6687: $? = 0
configure:6690: test -z 			 || test ! -s conftest.err
configure:6693: $? = 0
configure:6696: test -s conftest.o
configure:6699: $? = 0
configure:6709: result: yes
configure:6713: checking jpeglib.h presence
configure:6723: g++ -E  conftest.cc
configure:6729: $? = 0
configure:6749: result: yes
configure:6784: checking for jpeglib.h
configure:6791: result: yes
configure:6810: checking for jpeg_CreateCompress in -ljpeg
configure:6840: g++ -o conftest -g -O2 -I/usr/lib/sigc++-1.2/include -I/usr/include/sigc++-1.2    -I/usr/lib/sigcx-0.6/include/ -DXTHREADS -I/usr/include/gtkmm-2.0 -I/usr/lib/gtkmm-2.0/include -I/usr/include/gtk-2.0 -I/usr/lib/sigc++-1.2/include -I/usr/include/sigc++-1.2 -I/usr/include/glib-2.0 -I/usr/lib/glib-2.0/include -I/usr/lib/gtk-2.0/include -I/usr/X11R6/include -I/usr/include/pango-1.0 -I/usr/include/freetype2 -I/usr/include/atk-1.0   -I/usr/include/opencv   -lsigc-1.2   -Wl,--export-dynamic -lgtkmm-2.0 -lgdkmm-2.0 -latkmm-1.0 -lgtk-x11-2.0 -lpangomm-1.0 -lglibmm-2.0 -lsigc-1.2 -lgdk-x11-2.0 -latk-1.0 -lgdk_pixbuf-2.0 -lm -lpangoxft-1.0 -lpangox-1.0 -lpango-1.0 -lgobject-2.0 -lgmodule-2.0 -ldl -lglib-2.0   conftest.cc -ljpeg  -lquicktime -ldv -lpthread -lrom1394 -lavc1394 -lraw1394  >&5
configure:6846: $? = 0
configure:6849: test -z 			 || test ! -s conftest.err
configure:6852: $? = 0
configure:6855: test -s conftest
configure:6858: $? = 0
configure:6871: result: yes
configure:6903: checking libraw1394/raw1394.h usability
configure:6915: g++ -c -g -O2 -I/usr/lib/sigc++-1.2/include -I/usr/include/sigc++-1.2    -I/usr/lib/sigcx-0.6/include/ -DXTHREADS -I/usr/include/gtkmm-2.0 -I/usr/lib/gtkmm-2.0/include -I/usr/include/gtk-2.0 -I/usr/lib/sigc++-1.2/include -I/usr/include/sigc++-1.2 -I/usr/include/glib-2.0 -I/usr/lib/glib-2.0/include -I/usr/lib/gtk-2.0/include -I/usr/X11R6/include -I/usr/include/pango-1.0 -I/usr/include/freetype2 -I/usr/include/atk-1.0   -I/usr/include/opencv  conftest.cc >&5
configure:6921: $? = 0
configure:6924: test -z 			 || test ! -s conftest.err
configure:6927: $? = 0
configure:6930: test -s conftest.o
configure:6933: $? = 0
configure:6943: result: yes
configure:6947: checking libraw1394/raw1394.h presence
configure:6957: g++ -E  conftest.cc
configure:6963: $? = 0
configure:6983: result: yes
configure:7018: checking for libraw1394/raw1394.h
configure:7025: result: yes
configure:6903: checking libraw1394/csr.h usability
configure:6915: g++ -c -g -O2 -I/usr/lib/sigc++-1.2/include -I/usr/include/sigc++-1.2    -I/usr/lib/sigcx-0.6/include/ -DXTHREADS -I/usr/include/gtkmm-2.0 -I/usr/lib/gtkmm-2.0/include -I/usr/include/gtk-2.0 -I/usr/lib/sigc++-1.2/include -I/usr/include/sigc++-1.2 -I/usr/include/glib-2.0 -I/usr/lib/glib-2.0/include -I/usr/lib/gtk-2.0/include -I/usr/X11R6/include -I/usr/include/pango-1.0 -I/usr/include/freetype2 -I/usr/include/atk-1.0   -I/usr/include/opencv  conftest.cc >&5
configure:6921: $? = 0
configure:6924: test -z 			 || test ! -s conftest.err
configure:6927: $? = 0
configure:6930: test -s conftest.o
configure:6933: $? = 0
configure:6943: result: yes
configure:6947: checking libraw1394/csr.h presence
configure:6957: g++ -E  conftest.cc
configure:6963: $? = 0
configure:6983: result: yes
configure:7018: checking for libraw1394/csr.h
configure:7025: result: yes
configure:7047: checking for main in -lACE
configure:7071: g++ -o conftest -g -O2 -I/usr/lib/sigc++-1.2/include -I/usr/include/sigc++-1.2    -I/usr/lib/sigcx-0.6/include/ -DXTHREADS -I/usr/include/gtkmm-2.0 -I/usr/lib/gtkmm-2.0/include -I/usr/include/gtk-2.0 -I/usr/lib/sigc++-1.2/include -I/usr/include/sigc++-1.2 -I/usr/include/glib-2.0 -I/usr/lib/glib-2.0/include -I/usr/lib/gtk-2.0/include -I/usr/X11R6/include -I/usr/include/pango-1.0 -I/usr/include/freetype2 -I/usr/include/atk-1.0   -I/usr/include/opencv   -lsigc-1.2   -Wl,--export-dynamic -lgtkmm-2.0 -lgdkmm-2.0 -latkmm-1.0 -lgtk-x11-2.0 -lpangomm-1.0 -lglibmm-2.0 -lsigc-1.2 -lgdk-x11-2.0 -latk-1.0 -lgdk_pixbuf-2.0 -lm -lpangoxft-1.0 -lpangox-1.0 -lpango-1.0 -lgobject-2.0 -lgmodule-2.0 -ldl -lglib-2.0   conftest.cc -lACE  -ljpeg -lquicktime -ldv -lpthread -lrom1394 -lavc1394 -lraw1394  >&5
configure:7077: $? = 0
configure:7080: test -z 			 || test ! -s conftest.err
configure:7083: $? = 0
configure:7086: test -s conftest
configure:7089: $? = 0
configure:7102: result: yes
configure:7115: checking for main in -lYARP_OS
configure:7139: g++ -o conftest -g -O2 -I/usr/lib/sigc++-1.2/include -I/usr/include/sigc++-1.2    -I/usr/lib/sigcx-0.6/include/ -DXTHREADS -I/usr/include/gtkmm-2.0 -I/usr/lib/gtkmm-2.0/include -I/usr/include/gtk-2.0 -I/usr/lib/sigc++-1.2/include -I/usr/include/sigc++-1.2 -I/usr/include/glib-2.0 -I/usr/lib/glib-2.0/include -I/usr/lib/gtk-2.0/include -I/usr/X11R6/include -I/usr/include/pango-1.0 -I/usr/include/freetype2 -I/usr/include/atk-1.0   -I/usr/include/opencv   -lsigc-1.2   -Wl,--export-dynamic -lgtkmm-2.0 -lgdkmm-2.0 -latkmm-1.0 -lgtk-x11-2.0 -lpangomm-1.0 -lglibmm-2.0 -lsigc-1.2 -lgdk-x11-2.0 -latk-1.0 -lgdk_pixbuf-2.0 -lm -lpangoxft-1.0 -lpangox-1.0 -lpango-1.0 -lgobject-2.0 -lgmodule-2.0 -ldl -lglib-2.0   conftest.cc -lYARP_OS  -lACE -ljpeg -lquicktime -ldv -lpthread -lrom1394 -lavc1394 -lraw1394  >&5
configure:7145: $? = 0
configure:7148: test -z 			 || test ! -s conftest.err
configure:7151: $? = 0
configure:7154: test -s conftest
configure:7157: $? = 0
configure:7170: result: yes
configure:7183: checking for main in -lYARP_sig
configure:7207: g++ -o conftest -g -O2 -I/usr/lib/sigc++-1.2/include -I/usr/include/sigc++-1.2    -I/usr/lib/sigcx-0.6/include/ -DXTHREADS -I/usr/include/gtkmm-2.0 -I/usr/lib/gtkmm-2.0/include -I/usr/include/gtk-2.0 -I/usr/lib/sigc++-1.2/include -I/usr/include/sigc++-1.2 -I/usr/include/glib-2.0 -I/usr/lib/glib-2.0/include -I/usr/lib/gtk-2.0/include -I/usr/X11R6/include -I/usr/include/pango-1.0 -I/usr/include/freetype2 -I/usr/include/atk-1.0   -I/usr/include/opencv   -lsigc-1.2   -Wl,--export-dynamic -lgtkmm-2.0 -lgdkmm-2.0 -latkmm-1.0 -lgtk-x11-2.0 -lpangomm-1.0 -lglibmm-2.0 -lsigc-1.2 -lgdk-x11-2.0 -latk-1.0 -lgdk_pixbuf-2.0 -lm -lpangoxft-1.0 -lpangox-1.0 -lpango-1.0 -lgobject-2.0 -lgmodule-2.0 -ldl -lglib-2.0   conftest.cc -lYARP_sig  -lYARP_OS -lACE -ljpeg -lquicktime -ldv -lpthread -lrom1394 -lavc1394 -lraw1394  >&5
configure:7213: $? = 0
configure:7216: test -z 			 || test ! -s conftest.err
configure:7219: $? = 0
configure:7222: test -s conftest
configure:7225: $? = 0
configure:7238: result: yes
configure:7251: checking for main in -lYARP_math
configure:7275: g++ -o conftest -g -O2 -I/usr/lib/sigc++-1.2/include -I/usr/include/sigc++-1.2    -I/usr/lib/sigcx-0.6/include/ -DXTHREADS -I/usr/include/gtkmm-2.0 -I/usr/lib/gtkmm-2.0/include -I/usr/include/gtk-2.0 -I/usr/lib/sigc++-1.2/include -I/usr/include/sigc++-1.2 -I/usr/include/glib-2.0 -I/usr/lib/glib-2.0/include -I/usr/lib/gtk-2.0/include -I/usr/X11R6/include -I/usr/include/pango-1.0 -I/usr/include/freetype2 -I/usr/include/atk-1.0   -I/usr/include/opencv   -lsigc-1.2   -Wl,--export-dynamic -lgtkmm-2.0 -lgdkmm-2.0 -latkmm-1.0 -lgtk-x11-2.0 -lpangomm-1.0 -lglibmm-2.0 -lsigc-1.2 -lgdk-x11-2.0 -latk-1.0 -lgdk_pixbuf-2.0 -lm -lpangoxft-1.0 -lpangox-1.0 -lpango-1.0 -lgobject-2.0 -lgmodule-2.0 -ldl -lglib-2.0   conftest.cc -lYARP_math  -lYARP_sig -lYARP_OS -lACE -ljpeg -lquicktime -ldv -lpthread -lrom1394 -lavc1394 -lraw1394  >&5
configure:7281: $? = 0
configure:7284: test -z 			 || test ! -s conftest.err
configure:7287: $? = 0
configure:7290: test -s conftest
configure:7293: $? = 0
configure:7306: result: yes
configure:7321: checking for main in -lsigcx-0.6
configure:7345: g++ -o conftest -g -O2 -I/usr/lib/sigc++-1.2/include -I/usr/include/sigc++-1.2    -I/usr/lib/sigcx-0.6/include/ -DXTHREADS -I/usr/include/gtkmm-2.0 -I/usr/lib/gtkmm-2.0/include -I/usr/include/gtk-2.0 -I/usr/lib/sigc++-1.2/include -I/usr/include/sigc++-1.2 -I/usr/include/glib-2.0 -I/usr/lib/glib-2.0/include -I/usr/lib/gtk-2.0/include -I/usr/X11R6/include -I/usr/include/pango-1.0 -I/usr/include/freetype2 -I/usr/include/atk-1.0   -I/usr/include/opencv   -lsigc-1.2   -Wl,--export-dynamic -lgtkmm-2.0 -lgdkmm-2.0 -latkmm-1.0 -lgtk-x11-2.0 -lpangomm-1.0 -lglibmm-2.0 -lsigc-1.2 -lgdk-x11-2.0 -latk-1.0 -lgdk_pixbuf-2.0 -lm -lpangoxft-1.0 -lpangox-1.0 -lpango-1.0 -lgobject-2.0 -lgmodule-2.0 -ldl -lglib-2.0   conftest.cc -lsigcx-0.6  -lYARP_math -lYARP_sig -lYARP_OS -lACE -ljpeg -lquicktime -ldv -lpthread -lrom1394 -lavc1394 -lraw1394  >&5
configure:7351: $? = 0
configure:7354: test -z 			 || test ! -s conftest.err
configure:7357: $? = 0
configure:7360: test -s conftest
configure:7363: $? = 0
configure:7376: result: yes
configure:7389: checking for main in -lsigcx-gtk-0.6
configure:7413: g++ -o conftest -g -O2 -I/usr/lib/sigc++-1.2/include -I/usr/include/sigc++-1.2    -I/usr/lib/sigcx-0.6/include/ -DXTHREADS -I/usr/include/gtkmm-2.0 -I/usr/lib/gtkmm-2.0/include -I/usr/include/gtk-2.0 -I/usr/lib/sigc++-1.2/include -I/usr/include/sigc++-1.2 -I/usr/include/glib-2.0 -I/usr/lib/glib-2.0/include -I/usr/lib/gtk-2.0/include -I/usr/X11R6/include -I/usr/include/pango-1.0 -I/usr/include/freetype2 -I/usr/include/atk-1.0   -I/usr/include/opencv   -lsigc-1.2   -Wl,--export-dynamic -lgtkmm-2.0 -lgdkmm-2.0 -latkmm-1.0 -lgtk-x11-2.0 -lpangomm-1.0 -lglibmm-2.0 -lsigc-1.2 -lgdk-x11-2.0 -latk-1.0 -lgdk_pixbuf-2.0 -lm -lpangoxft-1.0 -lpangox-1.0 -lpango-1.0 -lgobject-2.0 -lgmodule-2.0 -ldl -lglib-2.0   conftest.cc -lsigcx-gtk-0.6  -lsigcx-0.6 -lYARP_math -lYARP_sig -lYARP_OS -lACE -ljpeg -lquicktime -ldv -lpthread -lrom1394 -lavc1394 -lraw1394  >&5
configure:7419: $? = 0
configure:7422: test -z 			 || test ! -s conftest.err
configure:7425: $? = 0
configure:7428: test -s conftest
configure:7431: $? = 0
configure:7444: result: yes
configure:7457: checking for main in -lopencv
configure:7481: g++ -o conftest -g -O2 -I/usr/lib/sigc++-1.2/include -I/usr/include/sigc++-1.2    -I/usr/lib/sigcx-0.6/include/ -DXTHREADS -I/usr/include/gtkmm-2.0 -I/usr/lib/gtkmm-2.0/include -I/usr/include/gtk-2.0 -I/usr/lib/sigc++-1.2/include -I/usr/include/sigc++-1.2 -I/usr/include/glib-2.0 -I/usr/lib/glib-2.0/include -I/usr/lib/gtk-2.0/include -I/usr/X11R6/include -I/usr/include/pango-1.0 -I/usr/include/freetype2 -I/usr/include/atk-1.0   -I/usr/include/opencv   -lsigc-1.2   -Wl,--export-dynamic -lgtkmm-2.0 -lgdkmm-2.0 -latkmm-1.0 -lgtk-x11-2.0 -lpangomm-1.0 -lglibmm-2.0 -lsigc-1.2 -lgdk-x11-2.0 -latk-1.0 -lgdk_pixbuf-2.0 -lm -lpangoxft-1.0 -lpangox-1.0 -lpango-1.0 -lgobject-2.0 -lgmodule-2.0 -ldl -lglib-2.0   conftest.cc -lopencv  -lsigcx-gtk-0.6 -lsigcx-0.6 -lYARP_math -lYARP_sig -lYARP_OS -lACE -ljpeg -lquicktime -ldv -lpthread -lrom1394 -lavc1394 -lraw1394  >&5
configure:7487: $? = 0
configure:7490: test -z 			 || test ! -s conftest.err
configure:7493: $? = 0
configure:7496: test -s conftest
configure:7499: $? = 0
configure:7512: result: yes
configure:7525: checking for main in -lhighgui
configure:7549: g++ -o conftest -g -O2 -I/usr/lib/sigc++-1.2/include -I/usr/include/sigc++-1.2    -I/usr/lib/sigcx-0.6/include/ -DXTHREADS -I/usr/include/gtkmm-2.0 -I/usr/lib/gtkmm-2.0/include -I/usr/include/gtk-2.0 -I/usr/lib/sigc++-1.2/include -I/usr/include/sigc++-1.2 -I/usr/include/glib-2.0 -I/usr/lib/glib-2.0/include -I/usr/lib/gtk-2.0/include -I/usr/X11R6/include -I/usr/include/pango-1.0 -I/usr/include/freetype2 -I/usr/include/atk-1.0   -I/usr/include/opencv   -lsigc-1.2   -Wl,--export-dynamic -lgtkmm-2.0 -lgdkmm-2.0 -latkmm-1.0 -lgtk-x11-2.0 -lpangomm-1.0 -lglibmm-2.0 -lsigc-1.2 -lgdk-x11-2.0 -latk-1.0 -lgdk_pixbuf-2.0 -lm -lpangoxft-1.0 -lpangox-1.0 -lpango-1.0 -lgobject-2.0 -lgmodule-2.0 -ldl -lglib-2.0   conftest.cc -lhighgui  -lopencv -lsigcx-gtk-0.6 -lsigcx-0.6 -lYARP_math -lYARP_sig -lYARP_OS -lACE -ljpeg -lquicktime -ldv -lpthread -lrom1394 -lavc1394 -lraw1394  >&5
configure:7555: $? = 0
configure:7558: test -z 			 || test ! -s conftest.err
configure:7561: $? = 0
configure:7564: test -s conftest
configure:7567: $? = 0
configure:7580: result: yes
configure:7698: checking for an ANSI C-conforming const
configure:7765: g++ -c -g -O2 -I/usr/lib/sigc++-1.2/include -I/usr/include/sigc++-1.2    -I/usr/lib/sigcx-0.6/include/ -DXTHREADS -I/usr/include/gtkmm-2.0 -I/usr/lib/gtkmm-2.0/include -I/usr/include/gtk-2.0 -I/usr/lib/sigc++-1.2/include -I/usr/include/sigc++-1.2 -I/usr/include/glib-2.0 -I/usr/lib/glib-2.0/include -I/usr/lib/gtk-2.0/include -I/usr/X11R6/include -I/usr/include/pango-1.0 -I/usr/include/freetype2 -I/usr/include/atk-1.0   -I/usr/include/opencv  conftest.cc >&5
configure:7771: $? = 0
configure:7774: test -z 			 || test ! -s conftest.err
configure:7777: $? = 0
configure:7780: test -s conftest.o
configure:7783: $? = 0
configure:7794: result: yes
configure:7804: checking for size_t
configure:7828: g++ -c -g -O2 -I/usr/lib/sigc++-1.2/include -I/usr/include/sigc++-1.2    -I/usr/lib/sigcx-0.6/include/ -DXTHREADS -I/usr/include/gtkmm-2.0 -I/usr/lib/gtkmm-2.0/include -I/usr/include/gtk-2.0 -I/usr/lib/sigc++-1.2/include -I/usr/include/sigc++-1.2 -I/usr/include/glib-2.0 -I/usr/lib/glib-2.0/include -I/usr/lib/gtk-2.0/include -I/usr/X11R6/include -I/usr/include/pango-1.0 -I/usr/include/freetype2 -I/usr/include/atk-1.0   -I/usr/include/opencv  conftest.cc >&5
configure:7834: $? = 0
configure:7837: test -z 			 || test ! -s conftest.err
configure:7840: $? = 0
configure:7843: test -s conftest.o
configure:7846: $? = 0
configure:7857: result: yes
configure:7869: checking whether struct tm is in sys/time.h or time.h
configure:7892: g++ -c -g -O2 -I/usr/lib/sigc++-1.2/include -I/usr/include/sigc++-1.2    -I/usr/lib/sigcx-0.6/include/ -DXTHREADS -I/usr/include/gtkmm-2.0 -I/usr/lib/gtkmm-2.0/include -I/usr/include/gtk-2.0 -I/usr/lib/sigc++-1.2/include -I/usr/include/sigc++-1.2 -I/usr/include/glib-2.0 -I/usr/lib/glib-2.0/include -I/usr/lib/gtk-2.0/include -I/usr/X11R6/include -I/usr/include/pango-1.0 -I/usr/include/freetype2 -I/usr/include/atk-1.0   -I/usr/include/opencv  conftest.cc >&5
configure:7898: $? = 0
configure:7901: test -z 			 || test ! -s conftest.err
configure:7904: $? = 0
configure:7907: test -s conftest.o
configure:7910: $? = 0
configure:7921: result: time.h
configure:7932: checking return type of signal handlers
configure:7963: g++ -c -g -O2 -I/usr/lib/sigc++-1.2/include -I/usr/include/sigc++-1.2    -I/usr/lib/sigcx-0.6/include/ -DXTHREADS -I/usr/include/gtkmm-2.0 -I/usr/lib/gtkmm-2.0/include -I/usr/include/gtk-2.0 -I/usr/lib/sigc++-1.2/include -I/usr/include/sigc++-1.2 -I/usr/include/glib-2.0 -I/usr/lib/glib-2.0/include -I/usr/lib/gtk-2.0/include -I/usr/X11R6/include -I/usr/include/pango-1.0 -I/usr/include/freetype2 -I/usr/include/atk-1.0   -I/usr/include/opencv  conftest.cc >&5
configure:7969: $? = 0
configure:7972: test -z 			 || test ! -s conftest.err
configure:7975: $? = 0
configure:7978: test -s conftest.o
configure:7981: $? = 0
configure:7992: result: void
configure:8004: checking for mktime
configure:8061: g++ -o conftest -g -O2 -I/usr/lib/sigc++-1.2/include -I/usr/include/sigc++-1.2    -I/usr/lib/sigcx-0.6/include/ -DXTHREADS -I/usr/include/gtkmm-2.0 -I/usr/lib/gtkmm-2.0/include -I/usr/include/gtk-2.0 -I/usr/lib/sigc++-1.2/include -I/usr/include/sigc++-1.2 -I/usr/include/glib-2.0 -I/usr/lib/glib-2.0/include -I/usr/lib/gtk-2.0/include -I/usr/X11R6/include -I/usr/include/pango-1.0 -I/usr/include/freetype2 -I/usr/include/atk-1.0   -I/usr/include/opencv   -lsigc-1.2   -Wl,--export-dynamic -lgtkmm-2.0 -lgdkmm-2.0 -latkmm-1.0 -lgtk-x11-2.0 -lpangomm-1.0 -lglibmm-2.0 -lsigc-1.2 -lgdk-x11-2.0 -latk-1.0 -lgdk_pixbuf-2.0 -lm -lpangoxft-1.0 -lpangox-1.0 -lpango-1.0 -lgobject-2.0 -lgmodule-2.0 -ldl -lglib-2.0   conftest.cc -lhighgui -lopencv -lsigcx-gtk-0.6 -lsigcx-0.6 -lYARP_math -lYARP_sig -lYARP_OS -lACE -ljpeg -lquicktime -ldv -lpthread -lrom1394 -lavc1394 -lraw1394  >&5
configure:8067: $? = 0
configure:8070: test -z 			 || test ! -s conftest.err
configure:8073: $? = 0
configure:8076: test -s conftest
configure:8079: $? = 0
configure:8091: result: yes
configure:8219: creating ./config.status

## ---------------- ##
## Cache variables. ##
## ---------------- ##

ac_cv_c_compiler_gnu=yes
ac_cv_c_const=yes
ac_cv_cxx_compiler_gnu=yes
ac_cv_env_CC_set=
ac_cv_env_CC_value=
ac_cv_env_CFLAGS_set=
ac_cv_env_CFLAGS_value=
ac_cv_env_CPPFLAGS_set=
ac_cv_env_CPPFLAGS_value=
ac_cv_env_CXXCPP_set=
ac_cv_env_CXXCPP_value=
ac_cv_env_CXXFLAGS_set=
ac_cv_env_CXXFLAGS_value=
ac_cv_env_CXX_set=
ac_cv_env_CXX_value=
ac_cv_env_GTKMM_CFLAGS_set=
ac_cv_env_GTKMM_CFLAGS_value=
ac_cv_env_GTKMM_LIBS_set=
ac_cv_env_GTKMM_LIBS_value=
ac_cv_env_LDFLAGS_set=
ac_cv_env_LDFLAGS_value=
ac_cv_env_PKG_CONFIG_set=
ac_cv_env_PKG_CONFIG_value=
ac_cv_env_SIGC_CFLAGS_set=
ac_cv_env_SIGC_CFLAGS_value=
ac_cv_env_SIGC_LIBS_set=
ac_cv_env_SIGC_LIBS_value=
ac_cv_env_build_alias_set=
ac_cv_env_build_alias_value=
ac_cv_env_host_alias_set=
ac_cv_env_host_alias_value=
ac_cv_env_target_alias_set=
ac_cv_env_target_alias_value=
ac_cv_exeext=
ac_cv_func_mktime=yes
ac_cv_header_fcntl_h=yes
ac_cv_header_inttypes_h=yes
ac_cv_header_jpeglib_h=yes
ac_cv_header_libavc1394_avc1394_h=yes
ac_cv_header_libavc1394_rom1394_h=yes
ac_cv_header_libdv_dv1394_h=yes
ac_cv_header_libdv_dv_h=yes
ac_cv_header_libraw1394_csr_h=yes
ac_cv_header_libraw1394_raw1394_h=yes
ac_cv_header_memory_h=yes
ac_cv_header_quicktime_lqt_h=yes
ac_cv_header_quicktime_quicktime_h=yes
ac_cv_header_stdc=yes
ac_cv_header_stdint_h=yes
ac_cv_header_stdio_h=yes
ac_cv_header_stdlib_h=yes
ac_cv_header_string_h=yes
ac_cv_header_strings_h=yes
ac_cv_header_sys_stat_h=yes
ac_cv_header_sys_types_h=yes
ac_cv_header_unistd_h=yes
ac_cv_lib_ACE_main=yes
ac_cv_lib_YARP_OS_main=yes
ac_cv_lib_YARP_math_main=yes
ac_cv_lib_YARP_sig_main=yes
ac_cv_lib_avc1394_avc1394_vcr_stop=yes
ac_cv_lib_dv_dv_encode_metadata=yes
ac_cv_lib_highgui_main=yes
ac_cv_lib_jpeg_jpeg_CreateCompress=yes
ac_cv_lib_opencv_main=yes
ac_cv_lib_pthread_pthread_create=yes
ac_cv_lib_quicktime_quicktime_open=yes
ac_cv_lib_raw1394_raw1394_new_handle=yes
ac_cv_lib_rom1394_rom1394_get_node_type=yes
ac_cv_lib_sigcx_0_6_main=yes
ac_cv_lib_sigcx_gtk_0_6_main=yes
ac_cv_objext=o
ac_cv_path_PKG_CONFIG=/usr/bin/pkg-config
ac_cv_path_install='/usr/bin/install -c'
ac_cv_prog_AWK=gawk
ac_cv_prog_CXXCPP='g++ -E'
ac_cv_prog_ac_ct_CC=gcc
ac_cv_prog_ac_ct_CXX=g++
ac_cv_prog_cc_g=yes
ac_cv_prog_cc_stdc=
ac_cv_prog_cxx_g=yes
ac_cv_prog_egrep='grep -E'
ac_cv_prog_make_make_set=yes
ac_cv_struct_tm=time.h
ac_cv_type_signal=void
ac_cv_type_size_t=yes
am_cv_CC_dependencies_compiler_type=gcc3
am_cv_CXX_dependencies_compiler_type=gcc3
pkg_cv_GTKMM_CFLAGS='-DXTHREADS -I/usr/include/gtkmm-2.0 -I/usr/lib/gtkmm-2.0/include -I/usr/include/gtk-2.0 -I/usr/lib/sigc++-1.2/include -I/usr/include/sigc++-1.2 -I/usr/include/glib-2.0 -I/usr/lib/glib-2.0/include -I/usr/lib/gtk-2.0/include -I/usr/X11R6/include -I/usr/include/pango-1.0 -I/usr/include/freetype2 -I/usr/include/atk-1.0  '
pkg_cv_GTKMM_LIBS='-Wl,--export-dynamic -lgtkmm-2.0 -lgdkmm-2.0 -latkmm-1.0 -lgtk-x11-2.0 -lpangomm-1.0 -lglibmm-2.0 -lsigc-1.2 -lgdk-x11-2.0 -latk-1.0 -lgdk_pixbuf-2.0 -lm -lpangoxft-1.0 -lpangox-1.0 -lpango-1.0 -lgobject-2.0 -lgmodule-2.0 -ldl -lglib-2.0  '
pkg_cv_SIGC_CFLAGS='-I/usr/lib/sigc++-1.2/include -I/usr/include/sigc++-1.2  '
pkg_cv_SIGC_LIBS='-lsigc-1.2  '

## ----------------- ##
## Output variables. ##
## ----------------- ##

ACLOCAL='${SHELL} /afs/csail.mit.edu/u/p/paulfitz/obrero/visualTracker/missing --run aclocal-1.8'
AMDEPBACKSLASH='\'
AMDEP_FALSE='#'
AMDEP_TRUE=''
AMTAR='${SHELL} /afs/csail.mit.edu/u/p/paulfitz/obrero/visualTracker/missing --run tar'
AUTOCONF='${SHELL} /afs/csail.mit.edu/u/p/paulfitz/obrero/visualTracker/missing --run autoconf'
AUTOHEADER='${SHELL} /afs/csail.mit.edu/u/p/paulfitz/obrero/visualTracker/missing --run autoheader'
AUTOMAKE='${SHELL} /afs/csail.mit.edu/u/p/paulfitz/obrero/visualTracker/missing --run automake-1.8'
AWK='gawk'
CC='gcc'
CCDEPMODE='depmode=gcc3'
CFLAGS='-g -O2'
CPPFLAGS=''
CXX='g++'
CXXCPP='g++ -E'
CXXDEPMODE='depmode=gcc3'
CXXFLAGS='-g -O2 -I/usr/lib/sigc++-1.2/include -I/usr/include/sigc++-1.2    -I/usr/lib/sigcx-0.6/include/ -DXTHREADS -I/usr/include/gtkmm-2.0 -I/usr/lib/gtkmm-2.0/include -I/usr/include/gtk-2.0 -I/usr/lib/sigc++-1.2/include -I/usr/include/sigc++-1.2 -I/usr/include/glib-2.0 -I/usr/lib/glib-2.0/include -I/usr/lib/gtk-2.0/include -I/usr/X11R6/include -I/usr/include/pango-1.0 -I/usr/include/freetype2 -I/usr/include/atk-1.0   -I/usr/include/opencv'
CYGPATH_W='echo'
DEFS='-DHAVE_CONFIG_H'
DEPDIR='.deps'
ECHO_C=''
ECHO_N='-n'
ECHO_T=''
EGREP='grep -E'
EXEEXT=''
GTKMM_CFLAGS='-DXTHREADS -I/usr/include/gtkmm-2.0 -I/usr/lib/gtkmm-2.0/include -I/usr/include/gtk-2.0 -I/usr/lib/sigc++-1.2/include -I/usr/include/sigc++-1.2 -I/usr/include/glib-2.0 -I/usr/lib/glib-2.0/include -I/usr/lib/gtk-2.0/include -I/usr/X11R6/include -I/usr/include/pango-1.0 -I/usr/include/freetype2 -I/usr/include/atk-1.0  '
GTKMM_LIBS='-Wl,--export-dynamic -lgtkmm-2.0 -lgdkmm-2.0 -latkmm-1.0 -lgtk-x11-2.0 -lpangomm-1.0 -lglibmm-2.0 -lsigc-1.2 -lgdk-x11-2.0 -latk-1.0 -lgdk_pixbuf-2.0 -lm -lpangoxft-1.0 -lpangox-1.0 -lpango-1.0 -lgobject-2.0 -lgmodule-2.0 -ldl -lglib-2.0  '
INSTALL_DATA='${INSTALL} -m 644'
INSTALL_PROGRAM='${INSTALL}'
INSTALL_SCRIPT='${INSTALL}'
INSTALL_STRIP_PROGRAM='${SHELL} $(install_sh) -c -s'
LDFLAGS=' -lsigc-1.2   -Wl,--export-dynamic -lgtkmm-2.0 -lgdkmm-2.0 -latkmm-1.0 -lgtk-x11-2.0 -lpangomm-1.0 -lglibmm-2.0 -lsigc-1.2 -lgdk-x11-2.0 -latk-1.0 -lgdk_pixbuf-2.0 -lm -lpangoxft-1.0 -lpangox-1.0 -lpango-1.0 -lgobject-2.0 -lgmodule-2.0 -ldl -lglib-2.0  '
LIBOBJS=''
LIBS='-lhighgui -lopencv -lsigcx-gtk-0.6 -lsigcx-0.6 -lYARP_math -lYARP_sig -lYARP_OS -lACE -ljpeg -lquicktime -ldv -lpthread -lrom1394 -lavc1394 -lraw1394 '
LTLIBOBJS=''
MAKEINFO='${SHELL} /afs/csail.mit.edu/u/p/paulfitz/obrero/visualTracker/missing --run makeinfo'
OBJEXT='o'
PACKAGE='dvgrab'
PACKAGE_BUGREPORT=''
PACKAGE_NAME=''
PACKAGE_STRING=''
PACKAGE_TARNAME=''
PACKAGE_VERSION=''
PATH_SEPARATOR=':'
PKG_CONFIG='/usr/bin/pkg-config'
SET_MAKE=''
SHELL='/bin/sh'
SIGC_CFLAGS='-I/usr/lib/sigc++-1.2/include -I/usr/include/sigc++-1.2  '
SIGC_LIBS='-lsigc-1.2  '
STRIP=''
VERSION='1.5'
ac_ct_CC='gcc'
ac_ct_CXX='g++'
ac_ct_STRIP=''
ac_pt_PKG_CONFIG=''
am__fastdepCC_FALSE='#'
am__fastdepCC_TRUE=''
am__fastdepCXX_FALSE='#'
am__fastdepCXX_TRUE=''
am__include='include'
am__leading_dot='.'
am__quote=''
bindir='${exec_prefix}/bin'
build_alias=''
datadir='${prefix}/share'
exec_prefix='${prefix}'
host_alias=''
includedir='${prefix}/include'
infodir='${prefix}/info'
install_sh='/afs/csail.mit.edu/u/p/paulfitz/obrero/visualTracker/install-sh'
libdir='${exec_prefix}/lib'
libexecdir='${exec_prefix}/libexec'
localstatedir='${prefix}/var'
mandir='${prefix}/man'
mkdir_p='mkdir -p -- .'
oldincludedir='/usr/include'
prefix='/usr/local'
program_transform_name='s,x,x,'
sbindir='${exec_prefix}/sbin'
sharedstatedir='${prefix}/com'
sysconfdir='${prefix}/etc'
target_alias=''

## ----------- ##
## confdefs.h. ##
## ----------- ##

#define HAVE_FCNTL_H 1
#define HAVE_INTTYPES_H 1
#define HAVE_JPEGLIB_H 1
#define HAVE_LIBACE 1
#define HAVE_LIBAVC1394 1
#define HAVE_LIBDV 1
#define HAVE_LIBDV_DV1394_H 1
#define HAVE_LIBDV_DV_H 1
#define HAVE_LIBHIGHGUI 1
#define HAVE_LIBJPEG 1
#define HAVE_LIBOPENCV 1
#define HAVE_LIBPTHREAD 1
#define HAVE_LIBQUICKTIME 1
#define HAVE_LIBRAW1394 1
#define HAVE_LIBRAW1394_CSR_H 1
#define HAVE_LIBRAW1394_RAW1394_H 1
#define HAVE_LIBROM1394 1
#define HAVE_LIBSIGCX_0_6 1
#define HAVE_LIBSIGCX_GTK_0_6 1
#define HAVE_LIBYARP_MATH 1
#define HAVE_LIBYARP_OS 1
#define HAVE_LIBYARP_SIG 1
#define HAVE_MEMORY_H 1
#define HAVE_MKTIME 1
#define HAVE_QUICKTIME_LQT_H 1
#define HAVE_QUICKTIME_QUICKTIME_H 1
#define HAVE_STDINT_H 1
#define HAVE_STDIO_H 1
#define HAVE_STDLIB_H 1
#define HAVE_STRINGS_H 1
#define HAVE_STRING_H 1
#define HAVE_SYS_STAT_H 1
#define HAVE_SYS_TYPES_H 1
#define HAVE_UNISTD_H 1
#define HAVE_UNISTD_H 1
#define PACKAGE "dvgrab"
#define PACKAGE_BUGREPORT ""
#define PACKAGE_NAME ""
#define PACKAGE_STRING ""
#define PACKAGE_TARNAME ""
#define PACKAGE_VERSION ""
#define RETSIGTYPE void
#define STDC_HEADERS 1
#define VERSION "1.5"
#endif
#ifdef __cplusplus
extern "C" void std::exit (int) throw (); using std::exit;

configure: exit 0

## ---------------------- ##
## Running config.status. ##
## ---------------------- ##

This file was extended by config.status, which was
generated by GNU Autoconf 2.59.  Invocation command line was

  CONFIG_FILES    = 
  CONFIG_HEADERS  = 
  CONFIG_LINKS    = 
  CONFIG_COMMANDS = 
  $ ./config.status 

on conspire1

config.status:738: creating Makefile
config.status:804: creating config.h
config.status:982: config.h is unchanged
config.status:1162: executing depfiles commands

## ---------------------- ##
## Running config.status. ##
## ---------------------- ##

This file was extended by config.status, which was
generated by GNU Autoconf 2.59.  Invocation command line was

  CONFIG_FILES    = 
  CONFIG_HEADERS  = 
  CONFIG_LINKS    = 
  CONFIG_COMMANDS = 
  $ ./config.status config.h

on conspire1

config.status:804: creating config.h
